<?xml version="1.0" encoding="utf-8"?>
<coverage line-rate="0.9146" branch-rate="0.8116" version="1.9" timestamp="1668053451" lines-covered="686" lines-valid="750" branches-covered="125" branches-valid="154">
  <sources>
    <source>/home/jorge/Universidad/Diseño Detallado de Software IIC2113 2022-2/Tareas/T2/Servidor/</source>
  </sources>
  <packages>
    <package name="Servidor" line-rate="0.9146" branch-rate="0.8116" complexity="242">
      <classes>
        <class name="Program" filename="Program.cs" line-rate="0" branch-rate="1" complexity="1">
          <methods>
            <method name="&lt;Main&gt;$" signature="(System.String[])" line-rate="0" branch-rate="1" complexity="1">
              <lines>
                <line number="3" hits="0" branch="False" />
                <line number="4" hits="0" branch="False" />
              </lines>
            </method>
          </methods>
          <lines>
            <line number="3" hits="0" branch="False" />
            <line number="4" hits="0" branch="False" />
          </lines>
        </class>
        <class name="Servidor.Card" filename="Card.cs" line-rate="1" branch-rate="1" complexity="4">
          <methods>
            <method name="GetValue" signature="()" line-rate="1" branch-rate="1" complexity="1">
              <lines>
                <line number="12" hits="17322" branch="False" />
                <line number="13" hits="17322" branch="False" />
                <line number="14" hits="17322" branch="False" />
              </lines>
            </method>
            <method name="GetSuit" signature="()" line-rate="1" branch-rate="1" complexity="1">
              <lines>
                <line number="15" hits="417" branch="False" />
                <line number="16" hits="417" branch="False" />
                <line number="17" hits="417" branch="False" />
              </lines>
            </method>
            <method name="ToString" signature="()" line-rate="1" branch-rate="1" complexity="1">
              <lines>
                <line number="19" hits="1823" branch="False" />
                <line number="20" hits="1823" branch="False" />
                <line number="21" hits="1823" branch="False" />
              </lines>
            </method>
            <method name=".ctor" signature="(Servidor.Suit,Servidor.Value)" line-rate="1" branch-rate="1" complexity="1">
              <lines>
                <line number="7" hits="578" branch="False" />
                <line number="8" hits="289" branch="False" />
                <line number="9" hits="289" branch="False" />
                <line number="10" hits="289" branch="False" />
              </lines>
            </method>
          </methods>
          <lines>
            <line number="12" hits="17322" branch="False" />
            <line number="13" hits="17322" branch="False" />
            <line number="14" hits="17322" branch="False" />
            <line number="15" hits="417" branch="False" />
            <line number="16" hits="417" branch="False" />
            <line number="17" hits="417" branch="False" />
            <line number="19" hits="1823" branch="False" />
            <line number="20" hits="1823" branch="False" />
            <line number="21" hits="1823" branch="False" />
            <line number="7" hits="578" branch="False" />
            <line number="8" hits="289" branch="False" />
            <line number="9" hits="289" branch="False" />
            <line number="10" hits="289" branch="False" />
          </lines>
        </class>
        <class name="Servidor.CardsClaimer" filename="CardsClaimer.cs" line-rate="0.8378" branch-rate="0.4" complexity="12">
          <methods>
            <method name="ClaimCardSubsets" signature="()" line-rate="0.7272" branch-rate="0.25" complexity="4">
              <lines>
                <line number="18" hits="88" branch="False" />
                <line number="19" hits="88" branch="False" />
                <line number="20" hits="88" branch="True" condition-coverage="50% (1/2)">
                  <conditions>
                    <condition number="30" type="jump" coverage="50%" />
                  </conditions>
                </line>
                <line number="21" hits="0" branch="True" condition-coverage="0% (0/2)">
                  <conditions>
                    <condition number="73" type="jump" coverage="0%" />
                  </conditions>
                </line>
                <line number="22" hits="0" branch="False" />
                <line number="23" hits="0" branch="False" />
                <line number="24" hits="88" branch="False" />
                <line number="25" hits="88" branch="False" />
                <line number="26" hits="88" branch="False" />
                <line number="27" hits="88" branch="False" />
                <line number="28" hits="88" branch="False" />
              </lines>
            </method>
            <method name="Claim" signature="(System.Collections.Generic.List`1&lt;Servidor.Card&gt;)" line-rate="1" branch-rate="1" complexity="1">
              <lines>
                <line number="29" hits="88" branch="False" />
                <line number="30" hits="88" branch="False" />
                <line number="31" hits="88" branch="False" />
                <line number="32" hits="88" branch="False" />
              </lines>
            </method>
            <method name="RemoveCardSubsets" signature="()" line-rate="0.7" branch-rate="0.25" complexity="4">
              <lines>
                <line number="34" hits="88" branch="False" />
                <line number="35" hits="88" branch="True" condition-coverage="50% (1/2)">
                  <conditions>
                    <condition number="12" type="jump" coverage="50%" />
                  </conditions>
                </line>
                <line number="36" hits="0" branch="True" condition-coverage="0% (0/2)">
                  <conditions>
                    <condition number="55" type="jump" coverage="0%" />
                  </conditions>
                </line>
                <line number="37" hits="0" branch="False" />
                <line number="38" hits="0" branch="False" />
                <line number="39" hits="88" branch="False" />
                <line number="40" hits="88" branch="False" />
                <line number="41" hits="88" branch="False" />
                <line number="42" hits="88" branch="False" />
                <line number="43" hits="88" branch="False" />
              </lines>
            </method>
            <method name="Remove" signature="(System.Collections.Generic.List`1&lt;Servidor.Card&gt;)" line-rate="1" branch-rate="1" complexity="2">
              <lines>
                <line number="44" hits="88" branch="False" />
                <line number="45" hits="984" branch="True" condition-coverage="100% (2/2)">
                  <conditions>
                    <condition number="41" type="jump" coverage="100%" />
                  </conditions>
                </line>
                <line number="46" hits="240" branch="False" />
                <line number="47" hits="240" branch="False" />
                <line number="48" hits="88" branch="False" />
              </lines>
            </method>
            <method name=".ctor" signature="(Servidor.Point,Servidor.Player,Servidor.TableCards,System.Collections.Generic.List`1&lt;System.Collections.Generic.List`1&lt;Servidor.Card&gt;&gt;)" line-rate="1" branch-rate="1" complexity="1">
              <lines>
                <line number="10" hits="188" branch="False" />
                <line number="11" hits="94" branch="False" />
                <line number="12" hits="94" branch="False" />
                <line number="13" hits="94" branch="False" />
                <line number="14" hits="94" branch="False" />
                <line number="15" hits="94" branch="False" />
                <line number="16" hits="94" branch="False" />
              </lines>
            </method>
          </methods>
          <lines>
            <line number="18" hits="88" branch="False" />
            <line number="19" hits="88" branch="False" />
            <line number="20" hits="88" branch="True" condition-coverage="50% (1/2)">
              <conditions>
                <condition number="30" type="jump" coverage="50%" />
              </conditions>
            </line>
            <line number="21" hits="0" branch="True" condition-coverage="0% (0/2)">
              <conditions>
                <condition number="73" type="jump" coverage="0%" />
              </conditions>
            </line>
            <line number="22" hits="0" branch="False" />
            <line number="23" hits="0" branch="False" />
            <line number="24" hits="88" branch="False" />
            <line number="25" hits="88" branch="False" />
            <line number="26" hits="88" branch="False" />
            <line number="27" hits="88" branch="False" />
            <line number="28" hits="88" branch="False" />
            <line number="29" hits="88" branch="False" />
            <line number="30" hits="88" branch="False" />
            <line number="31" hits="88" branch="False" />
            <line number="32" hits="88" branch="False" />
            <line number="34" hits="88" branch="False" />
            <line number="35" hits="88" branch="True" condition-coverage="50% (1/2)">
              <conditions>
                <condition number="12" type="jump" coverage="50%" />
              </conditions>
            </line>
            <line number="36" hits="0" branch="True" condition-coverage="0% (0/2)">
              <conditions>
                <condition number="55" type="jump" coverage="0%" />
              </conditions>
            </line>
            <line number="37" hits="0" branch="False" />
            <line number="38" hits="0" branch="False" />
            <line number="39" hits="88" branch="False" />
            <line number="40" hits="88" branch="False" />
            <line number="41" hits="88" branch="False" />
            <line number="42" hits="88" branch="False" />
            <line number="43" hits="88" branch="False" />
            <line number="44" hits="88" branch="False" />
            <line number="45" hits="984" branch="True" condition-coverage="100% (2/2)">
              <conditions>
                <condition number="41" type="jump" coverage="100%" />
              </conditions>
            </line>
            <line number="46" hits="240" branch="False" />
            <line number="47" hits="240" branch="False" />
            <line number="48" hits="88" branch="False" />
            <line number="10" hits="188" branch="False" />
            <line number="11" hits="94" branch="False" />
            <line number="12" hits="94" branch="False" />
            <line number="13" hits="94" branch="False" />
            <line number="14" hits="94" branch="False" />
            <line number="15" hits="94" branch="False" />
            <line number="16" hits="94" branch="False" />
          </lines>
        </class>
        <class name="Servidor.CardsCollection" filename="CardsCollection.cs" line-rate="0.9662000000000001" branch-rate="1" complexity="33">
          <methods>
            <method name="TakeCards" signature="(System.Int32,Servidor.CardsCollection)" line-rate="1" branch-rate="1" complexity="1">
              <lines>
                <line number="10" hits="79" branch="False" />
                <line number="11" hits="79" branch="False" />
                <line number="12" hits="79" branch="False" />
              </lines>
            </method>
            <method name="DrawCards" signature="(System.Int32)" line-rate="1" branch-rate="1" complexity="2">
              <lines>
                <line number="13" hits="79" branch="False" />
                <line number="14" hits="79" branch="False" />
                <line number="15" hits="565" branch="True" condition-coverage="100% (2/2)">
                  <conditions>
                    <condition number="78" type="jump" coverage="100%" />
                  </conditions>
                </line>
                <line number="16" hits="243" branch="False" />
                <line number="17" hits="243" branch="False" />
                <line number="18" hits="243" branch="False" />
                <line number="19" hits="243" branch="False" />
                <line number="20" hits="79" branch="False" />
                <line number="21" hits="79" branch="False" />
              </lines>
            </method>
            <method name="AppendCardList" signature="(System.Collections.Generic.List`1&lt;Servidor.Card&gt;)" line-rate="1" branch-rate="1" complexity="1">
              <lines>
                <line number="22" hits="169" branch="False" />
                <line number="23" hits="169" branch="False" />
                <line number="24" hits="169" branch="False" />
              </lines>
            </method>
            <method name="AppendCard" signature="(Servidor.Card)" line-rate="1" branch-rate="1" complexity="1">
              <lines>
                <line number="25" hits="217" branch="False" />
                <line number="26" hits="217" branch="False" />
                <line number="27" hits="217" branch="False" />
              </lines>
            </method>
            <method name="TakeCard" signature="(System.Int32)" line-rate="1" branch-rate="1" complexity="1">
              <lines>
                <line number="28" hits="217" branch="False" />
                <line number="29" hits="217" branch="False" />
                <line number="30" hits="217" branch="False" />
                <line number="31" hits="217" branch="False" />
                <line number="32" hits="217" branch="False" />
              </lines>
            </method>
            <method name="Remove" signature="(Servidor.Card)" line-rate="1" branch-rate="1" complexity="1">
              <lines>
                <line number="33" hits="240" branch="False" />
                <line number="34" hits="240" branch="False" />
                <line number="35" hits="240" branch="False" />
              </lines>
            </method>
            <method name="GetCards" signature="()" line-rate="0" branch-rate="1" complexity="1">
              <lines>
                <line number="37" hits="0" branch="False" />
                <line number="38" hits="0" branch="False" />
                <line number="39" hits="0" branch="False" />
              </lines>
            </method>
            <method name="CopyCards" signature="()" line-rate="1" branch-rate="1" complexity="1">
              <lines>
                <line number="40" hits="6" branch="False" />
                <line number="41" hits="6" branch="False" />
                <line number="42" hits="6" branch="False" />
                <line number="43" hits="6" branch="False" />
              </lines>
            </method>
            <method name="ClearCards" signature="()" line-rate="1" branch-rate="1" complexity="1">
              <lines>
                <line number="44" hits="12" branch="False" />
                <line number="45" hits="12" branch="False" />
                <line number="46" hits="12" branch="False" />
              </lines>
            </method>
            <method name="CountNumberOfSevens" signature="()" line-rate="1" branch-rate="1" complexity="4">
              <lines>
                <line number="48" hits="12" branch="False" />
                <line number="49" hits="12" branch="False" />
                <line number="50" hits="756" branch="True" condition-coverage="100% (2/2)">
                  <conditions>
                    <condition number="54" type="jump" coverage="100%" />
                  </conditions>
                </line>
                <line number="51" hits="264" branch="True" condition-coverage="100% (2/2)">
                  <conditions>
                    <condition number="38" type="jump" coverage="100%" />
                  </conditions>
                </line>
                <line number="52" hits="24" branch="False" />
                <line number="53" hits="24" branch="False" />
                <line number="54" hits="240" branch="False" />
                <line number="55" hits="12" branch="False" />
                <line number="56" hits="12" branch="False" />
              </lines>
            </method>
            <method name="CountCards" signature="()" line-rate="1" branch-rate="1" complexity="1">
              <lines>
                <line number="57" hits="850" branch="False" />
                <line number="58" hits="850" branch="False" />
                <line number="59" hits="850" branch="False" />
              </lines>
            </method>
            <method name="CountNumberOfGolds" signature="()" line-rate="1" branch-rate="1" complexity="4">
              <lines>
                <line number="60" hits="12" branch="False" />
                <line number="61" hits="12" branch="False" />
                <line number="62" hits="756" branch="True" condition-coverage="100% (2/2)">
                  <conditions>
                    <condition number="54" type="jump" coverage="100%" />
                  </conditions>
                </line>
                <line number="63" hits="300" branch="True" condition-coverage="100% (2/2)">
                  <conditions>
                    <condition number="38" type="jump" coverage="100%" />
                  </conditions>
                </line>
                <line number="64" hits="60" branch="False" />
                <line number="65" hits="60" branch="False" />
                <line number="66" hits="240" branch="False" />
                <line number="67" hits="12" branch="False" />
                <line number="68" hits="12" branch="False" />
              </lines>
            </method>
            <method name="HasSevenOfGold" signature="()" line-rate="1" branch-rate="1" complexity="6">
              <lines>
                <line number="70" hits="12" branch="False" />
                <line number="71" hits="558" branch="True" condition-coverage="100% (2/2)">
                  <conditions>
                    <condition number="63" type="jump" coverage="100%" />
                  </conditions>
                </line>
                <line number="72" hits="182" branch="True" condition-coverage="100% (4/4)">
                  <conditions>
                    <condition number="32" type="jump" coverage="100%" />
                    <condition number="48" type="jump" coverage="100%" />
                  </conditions>
                </line>
                <line number="73" hits="6" branch="False" />
                <line number="75" hits="170" branch="False" />
                <line number="76" hits="6" branch="False" />
                <line number="77" hits="12" branch="False" />
              </lines>
            </method>
            <method name="ConvertCardsToString" signature="()" line-rate="1" branch-rate="1" complexity="1">
              <lines>
                <line number="79" hits="12" branch="False" />
                <line number="80" hits="12" branch="False" />
                <line number="81" hits="12" branch="False" />
                <line number="82" hits="12" branch="False" />
              </lines>
            </method>
            <method name="ConvertCardsToDisplayFormat" signature="(System.Collections.Generic.List`1&lt;Servidor.Card&gt;)" line-rate="1" branch-rate="1" complexity="4">
              <lines>
                <line number="83" hits="406" branch="False" />
                <line number="84" hits="406" branch="False" />
                <line number="85" hits="4985" branch="True" condition-coverage="100% (2/2)">
                  <conditions>
                    <condition number="133" type="jump" coverage="100%" />
                  </conditions>
                </line>
                <line number="86" hits="1791" branch="True" condition-coverage="100% (2/2)">
                  <conditions>
                    <condition number="18" type="jump" coverage="100%" />
                  </conditions>
                </line>
                <line number="87" hits="400" branch="False" />
                <line number="88" hits="1391" branch="False" />
                <line number="89" hits="991" branch="False" />
                <line number="90" hits="991" branch="False" />
                <line number="91" hits="1391" branch="False" />
                <line number="92" hits="406" branch="False" />
                <line number="93" hits="406" branch="False" />
              </lines>
            </method>
            <method name="ConvertCardsToEligibleFormat" signature="()" line-rate="1" branch-rate="1" complexity="2">
              <lines>
                <line number="94" hits="216" branch="False" />
                <line number="95" hits="216" branch="False" />
                <line number="96" hits="1728" branch="True" condition-coverage="100% (2/2)">
                  <conditions>
                    <condition number="124" type="jump" coverage="100%" />
                  </conditions>
                </line>
                <line number="97" hits="432" branch="False" />
                <line number="98" hits="432" branch="False" />
                <line number="99" hits="216" branch="False" />
                <line number="100" hits="216" branch="False" />
              </lines>
            </method>
            <method name=".ctor" signature="()" line-rate="1" branch-rate="1" complexity="1">
              <lines>
                <line number="6" hits="30" branch="False" />
                <line number="7" hits="15" branch="False" />
                <line number="8" hits="15" branch="False" />
              </lines>
            </method>
          </methods>
          <lines>
            <line number="10" hits="79" branch="False" />
            <line number="11" hits="79" branch="False" />
            <line number="12" hits="79" branch="False" />
            <line number="13" hits="79" branch="False" />
            <line number="14" hits="79" branch="False" />
            <line number="15" hits="565" branch="True" condition-coverage="100% (2/2)">
              <conditions>
                <condition number="78" type="jump" coverage="100%" />
              </conditions>
            </line>
            <line number="16" hits="243" branch="False" />
            <line number="17" hits="243" branch="False" />
            <line number="18" hits="243" branch="False" />
            <line number="19" hits="243" branch="False" />
            <line number="20" hits="79" branch="False" />
            <line number="21" hits="79" branch="False" />
            <line number="22" hits="169" branch="False" />
            <line number="23" hits="169" branch="False" />
            <line number="24" hits="169" branch="False" />
            <line number="25" hits="217" branch="False" />
            <line number="26" hits="217" branch="False" />
            <line number="27" hits="217" branch="False" />
            <line number="28" hits="217" branch="False" />
            <line number="29" hits="217" branch="False" />
            <line number="30" hits="217" branch="False" />
            <line number="31" hits="217" branch="False" />
            <line number="32" hits="217" branch="False" />
            <line number="33" hits="240" branch="False" />
            <line number="34" hits="240" branch="False" />
            <line number="35" hits="240" branch="False" />
            <line number="37" hits="0" branch="False" />
            <line number="38" hits="0" branch="False" />
            <line number="39" hits="0" branch="False" />
            <line number="40" hits="6" branch="False" />
            <line number="41" hits="6" branch="False" />
            <line number="42" hits="6" branch="False" />
            <line number="43" hits="6" branch="False" />
            <line number="44" hits="12" branch="False" />
            <line number="45" hits="12" branch="False" />
            <line number="46" hits="12" branch="False" />
            <line number="48" hits="12" branch="False" />
            <line number="49" hits="12" branch="False" />
            <line number="50" hits="756" branch="True" condition-coverage="100% (2/2)">
              <conditions>
                <condition number="54" type="jump" coverage="100%" />
              </conditions>
            </line>
            <line number="51" hits="264" branch="True" condition-coverage="100% (2/2)">
              <conditions>
                <condition number="38" type="jump" coverage="100%" />
              </conditions>
            </line>
            <line number="52" hits="24" branch="False" />
            <line number="53" hits="24" branch="False" />
            <line number="54" hits="240" branch="False" />
            <line number="55" hits="12" branch="False" />
            <line number="56" hits="12" branch="False" />
            <line number="57" hits="850" branch="False" />
            <line number="58" hits="850" branch="False" />
            <line number="59" hits="850" branch="False" />
            <line number="60" hits="12" branch="False" />
            <line number="61" hits="12" branch="False" />
            <line number="62" hits="756" branch="True" condition-coverage="100% (2/2)">
              <conditions>
                <condition number="54" type="jump" coverage="100%" />
              </conditions>
            </line>
            <line number="63" hits="300" branch="True" condition-coverage="100% (2/2)">
              <conditions>
                <condition number="38" type="jump" coverage="100%" />
              </conditions>
            </line>
            <line number="64" hits="60" branch="False" />
            <line number="65" hits="60" branch="False" />
            <line number="66" hits="240" branch="False" />
            <line number="67" hits="12" branch="False" />
            <line number="68" hits="12" branch="False" />
            <line number="70" hits="12" branch="False" />
            <line number="71" hits="558" branch="True" condition-coverage="100% (2/2)">
              <conditions>
                <condition number="63" type="jump" coverage="100%" />
              </conditions>
            </line>
            <line number="72" hits="182" branch="True" condition-coverage="100% (4/4)">
              <conditions>
                <condition number="32" type="jump" coverage="100%" />
                <condition number="48" type="jump" coverage="100%" />
              </conditions>
            </line>
            <line number="73" hits="6" branch="False" />
            <line number="75" hits="170" branch="False" />
            <line number="76" hits="6" branch="False" />
            <line number="77" hits="12" branch="False" />
            <line number="79" hits="12" branch="False" />
            <line number="80" hits="12" branch="False" />
            <line number="81" hits="12" branch="False" />
            <line number="82" hits="12" branch="False" />
            <line number="83" hits="406" branch="False" />
            <line number="84" hits="406" branch="False" />
            <line number="85" hits="4985" branch="True" condition-coverage="100% (2/2)">
              <conditions>
                <condition number="133" type="jump" coverage="100%" />
              </conditions>
            </line>
            <line number="86" hits="1791" branch="True" condition-coverage="100% (2/2)">
              <conditions>
                <condition number="18" type="jump" coverage="100%" />
              </conditions>
            </line>
            <line number="87" hits="400" branch="False" />
            <line number="88" hits="1391" branch="False" />
            <line number="89" hits="991" branch="False" />
            <line number="90" hits="991" branch="False" />
            <line number="91" hits="1391" branch="False" />
            <line number="92" hits="406" branch="False" />
            <line number="93" hits="406" branch="False" />
            <line number="94" hits="216" branch="False" />
            <line number="95" hits="216" branch="False" />
            <line number="96" hits="1728" branch="True" condition-coverage="100% (2/2)">
              <conditions>
                <condition number="124" type="jump" coverage="100%" />
              </conditions>
            </line>
            <line number="97" hits="432" branch="False" />
            <line number="98" hits="432" branch="False" />
            <line number="99" hits="216" branch="False" />
            <line number="100" hits="216" branch="False" />
            <line number="6" hits="30" branch="False" />
            <line number="7" hits="15" branch="False" />
            <line number="8" hits="15" branch="False" />
          </lines>
        </class>
        <class name="Servidor.Deck" filename="Deck.cs" line-rate="1" branch-rate="1" complexity="7">
          <methods>
            <method name="Shuffle" signature="()" line-rate="1" branch-rate="1" complexity="1">
              <lines>
                <line number="9" hits="7" branch="False" />
                <line number="10" hits="287" branch="False" />
                <line number="11" hits="7" branch="False" />
              </lines>
            </method>
            <method name="Populate" signature="()" line-rate="1" branch-rate="1" complexity="4">
              <lines>
                <line number="12" hits="7" branch="False" />
                <line number="13" hits="105" branch="True" condition-coverage="100% (2/2)">
                  <conditions>
                    <condition number="133" type="jump" coverage="100%" />
                  </conditions>
                </line>
                <line number="14" hits="924" branch="True" condition-coverage="100% (2/2)">
                  <conditions>
                    <condition number="101" type="jump" coverage="100%" />
                  </conditions>
                </line>
                <line number="15" hits="280" branch="False" />
                <line number="16" hits="280" branch="False" />
                <line number="17" hits="28" branch="False" />
                <line number="18" hits="7" branch="False" />
              </lines>
            </method>
            <method name="IsDepleted" signature="()" line-rate="1" branch-rate="1" complexity="1">
              <lines>
                <line number="20" hits="66" branch="False" />
                <line number="21" hits="66" branch="False" />
                <line number="22" hits="66" branch="False" />
              </lines>
            </method>
            <method name=".ctor" signature="()" line-rate="1" branch-rate="1" complexity="1">
              <lines>
                <line number="5" hits="14" branch="False" />
                <line number="6" hits="7" branch="False" />
                <line number="7" hits="7" branch="False" />
                <line number="8" hits="7" branch="False" />
              </lines>
            </method>
          </methods>
          <lines>
            <line number="9" hits="7" branch="False" />
            <line number="10" hits="287" branch="False" />
            <line number="11" hits="7" branch="False" />
            <line number="12" hits="7" branch="False" />
            <line number="13" hits="105" branch="True" condition-coverage="100% (2/2)">
              <conditions>
                <condition number="133" type="jump" coverage="100%" />
              </conditions>
            </line>
            <line number="14" hits="924" branch="True" condition-coverage="100% (2/2)">
              <conditions>
                <condition number="101" type="jump" coverage="100%" />
              </conditions>
            </line>
            <line number="15" hits="280" branch="False" />
            <line number="16" hits="280" branch="False" />
            <line number="17" hits="28" branch="False" />
            <line number="18" hits="7" branch="False" />
            <line number="20" hits="66" branch="False" />
            <line number="21" hits="66" branch="False" />
            <line number="22" hits="66" branch="False" />
            <line number="5" hits="14" branch="False" />
            <line number="6" hits="7" branch="False" />
            <line number="7" hits="7" branch="False" />
            <line number="8" hits="7" branch="False" />
          </lines>
        </class>
        <class name="Servidor.EscobaVerifier" filename="EscobaVerifier.cs" line-rate="0.862" branch-rate="0.7272" complexity="25">
          <methods>
            <method name="HasMultipleCardSubsetsThatAddUpTo15" signature="()" line-rate="1" branch-rate="1" complexity="2">
              <lines>
                <line number="10" hits="82" branch="False" />
                <line number="11" hits="118" branch="True" condition-coverage="100% (2/2)">
                  <conditions>
                    <condition number="17" type="jump" coverage="100%" />
                  </conditions>
                </line>
                <line number="12" hits="36" branch="False" />
                <line number="14" hits="46" branch="False" />
                <line number="15" hits="82" branch="False" />
              </lines>
            </method>
            <method name="HasCardSubsetsThatAddUpTo15" signature="()" line-rate="1" branch-rate="1" complexity="2">
              <lines>
                <line number="16" hits="216" branch="False" />
                <line number="17" hits="298" branch="True" condition-coverage="100% (2/2)">
                  <conditions>
                    <condition number="17" type="jump" coverage="100%" />
                  </conditions>
                </line>
                <line number="18" hits="82" branch="False" />
                <line number="20" hits="134" branch="False" />
                <line number="21" hits="216" branch="False" />
              </lines>
            </method>
            <method name="DetermineTurnPoints" signature="(Servidor.TableCards,System.Collections.Generic.List`1&lt;System.Collections.Generic.List`1&lt;Servidor.Card&gt;&gt;)" line-rate="1" branch-rate="1" complexity="2">
              <lines>
                <line number="23" hits="82" branch="False" />
                <line number="25" hits="88" branch="True" condition-coverage="100% (2/2)">
                  <conditions>
                    <condition number="10" type="jump" coverage="100%" />
                  </conditions>
                </line>
                <line number="26" hits="6" branch="False" />
                <line number="27" hits="82" branch="False" />
                <line number="28" hits="76" branch="False" />
                <line number="29" hits="76" branch="False" />
                <line number="30" hits="82" branch="False" />
                <line number="31" hits="82" branch="False" />
              </lines>
            </method>
            <method name="IsEscobaOnTurn" signature="(Servidor.TableCards,System.Collections.Generic.List`1&lt;System.Collections.Generic.List`1&lt;Servidor.Card&gt;&gt;)" line-rate="1" branch-rate="1" complexity="2">
              <lines>
                <line number="32" hits="82" branch="False" />
                <line number="33" hits="88" branch="True" condition-coverage="100% (2/2)">
                  <conditions>
                    <condition number="23" type="jump" coverage="100%" />
                  </conditions>
                </line>
                <line number="34" hits="6" branch="False" />
                <line number="36" hits="76" branch="False" />
                <line number="37" hits="82" branch="False" />
              </lines>
            </method>
            <method name="DetermineRoundEndPoints" signature="(Servidor.TableCards,System.Collections.Generic.List`1&lt;Servidor.Card&gt;)" line-rate="0.875" branch-rate="0.5" complexity="2">
              <lines>
                <line number="38" hits="6" branch="False" />
                <line number="40" hits="6" branch="True" condition-coverage="50% (1/2)">
                  <conditions>
                    <condition number="10" type="jump" coverage="50%" />
                  </conditions>
                </line>
                <line number="41" hits="0" branch="False" />
                <line number="42" hits="6" branch="False" />
                <line number="43" hits="6" branch="False" />
                <line number="44" hits="6" branch="False" />
                <line number="45" hits="6" branch="False" />
                <line number="46" hits="6" branch="False" />
              </lines>
            </method>
            <method name="DeterminePointsAtDeal" signature="(System.Collections.Generic.List`1&lt;System.Collections.Generic.List`1&lt;Servidor.Card&gt;&gt;)" line-rate="0.75" branch-rate="0.5" complexity="4">
              <lines>
                <line number="47" hits="6" branch="False" />
                <line number="48" hits="6" branch="True" condition-coverage="50% (1/2)">
                  <conditions>
                    <condition number="9" type="jump" coverage="50%" />
                  </conditions>
                </line>
                <line number="49" hits="0" branch="False" />
                <line number="50" hits="6" branch="True" condition-coverage="50% (1/2)">
                  <conditions>
                    <condition number="24" type="jump" coverage="50%" />
                  </conditions>
                </line>
                <line number="51" hits="0" branch="False" />
                <line number="52" hits="6" branch="False" />
                <line number="53" hits="6" branch="False" />
                <line number="55" hits="6" branch="False" />
              </lines>
            </method>
            <method name="IsOneEscobaAtDeal" signature="(System.Collections.Generic.List`1&lt;System.Collections.Generic.List`1&lt;Servidor.Card&gt;&gt;)" line-rate="0.8" branch-rate="0.75" complexity="4">
              <lines>
                <line number="56" hits="6" branch="False" />
                <line number="57" hits="6" branch="True" condition-coverage="75% (3/4)">
                  <conditions>
                    <condition number="8" type="jump" coverage="100%" />
                    <condition number="30" type="jump" coverage="50%" />
                  </conditions>
                </line>
                <line number="58" hits="0" branch="False" />
                <line number="60" hits="6" branch="False" />
                <line number="61" hits="6" branch="False" />
              </lines>
            </method>
            <method name="IsTwoEscobasAtDeal" signature="(System.Collections.Generic.List`1&lt;System.Collections.Generic.List`1&lt;Servidor.Card&gt;&gt;)" line-rate="0.8" branch-rate="0.5" complexity="4">
              <lines>
                <line number="62" hits="6" branch="False" />
                <line number="63" hits="6" branch="True" condition-coverage="50% (2/4)">
                  <conditions>
                    <condition number="8" type="jump" coverage="50%" />
                    <condition number="24" type="jump" coverage="50%" />
                  </conditions>
                </line>
                <line number="64" hits="0" branch="False" />
                <line number="66" hits="6" branch="False" />
                <line number="67" hits="6" branch="False" />
              </lines>
            </method>
            <method name="VerifyIfCardSubsetsShareCards" signature="(System.Collections.Generic.List`1&lt;System.Collections.Generic.List`1&lt;Servidor.Card&gt;&gt;)" line-rate="0" branch-rate="1" complexity="1">
              <lines>
                <line number="69" hits="0" branch="False" />
                <line number="70" hits="0" branch="False" />
                <line number="71" hits="0" branch="False" />
              </lines>
            </method>
            <method name="GetCardSubsets" signature="()" line-rate="1" branch-rate="1" complexity="1">
              <lines>
                <line number="73" hits="217" branch="False" />
                <line number="74" hits="217" branch="False" />
                <line number="75" hits="217" branch="False" />
              </lines>
            </method>
            <method name=".ctor" signature="(System.Collections.Generic.List`1&lt;System.Collections.Generic.List`1&lt;Servidor.Card&gt;&gt;)" line-rate="1" branch-rate="1" complexity="1">
              <lines>
                <line number="6" hits="434" branch="False" />
                <line number="7" hits="217" branch="False" />
                <line number="8" hits="217" branch="False" />
              </lines>
            </method>
          </methods>
          <lines>
            <line number="10" hits="82" branch="False" />
            <line number="11" hits="118" branch="True" condition-coverage="100% (2/2)">
              <conditions>
                <condition number="17" type="jump" coverage="100%" />
              </conditions>
            </line>
            <line number="12" hits="36" branch="False" />
            <line number="14" hits="46" branch="False" />
            <line number="15" hits="82" branch="False" />
            <line number="16" hits="216" branch="False" />
            <line number="17" hits="298" branch="True" condition-coverage="100% (2/2)">
              <conditions>
                <condition number="17" type="jump" coverage="100%" />
              </conditions>
            </line>
            <line number="18" hits="82" branch="False" />
            <line number="20" hits="134" branch="False" />
            <line number="21" hits="216" branch="False" />
            <line number="23" hits="82" branch="False" />
            <line number="25" hits="88" branch="True" condition-coverage="100% (2/2)">
              <conditions>
                <condition number="10" type="jump" coverage="100%" />
              </conditions>
            </line>
            <line number="26" hits="6" branch="False" />
            <line number="27" hits="82" branch="False" />
            <line number="28" hits="76" branch="False" />
            <line number="29" hits="76" branch="False" />
            <line number="30" hits="82" branch="False" />
            <line number="31" hits="82" branch="False" />
            <line number="32" hits="82" branch="False" />
            <line number="33" hits="88" branch="True" condition-coverage="100% (2/2)">
              <conditions>
                <condition number="23" type="jump" coverage="100%" />
              </conditions>
            </line>
            <line number="34" hits="6" branch="False" />
            <line number="36" hits="76" branch="False" />
            <line number="37" hits="82" branch="False" />
            <line number="38" hits="6" branch="False" />
            <line number="40" hits="6" branch="True" condition-coverage="50% (1/2)">
              <conditions>
                <condition number="10" type="jump" coverage="50%" />
              </conditions>
            </line>
            <line number="41" hits="0" branch="False" />
            <line number="42" hits="6" branch="False" />
            <line number="43" hits="6" branch="False" />
            <line number="44" hits="6" branch="False" />
            <line number="45" hits="6" branch="False" />
            <line number="46" hits="6" branch="False" />
            <line number="47" hits="6" branch="False" />
            <line number="48" hits="6" branch="True" condition-coverage="50% (1/2)">
              <conditions>
                <condition number="9" type="jump" coverage="50%" />
              </conditions>
            </line>
            <line number="49" hits="0" branch="False" />
            <line number="50" hits="6" branch="True" condition-coverage="50% (1/2)">
              <conditions>
                <condition number="24" type="jump" coverage="50%" />
              </conditions>
            </line>
            <line number="51" hits="0" branch="False" />
            <line number="52" hits="6" branch="False" />
            <line number="53" hits="6" branch="False" />
            <line number="55" hits="6" branch="False" />
            <line number="56" hits="6" branch="False" />
            <line number="57" hits="6" branch="True" condition-coverage="75% (3/4)">
              <conditions>
                <condition number="8" type="jump" coverage="100%" />
                <condition number="30" type="jump" coverage="50%" />
              </conditions>
            </line>
            <line number="58" hits="0" branch="False" />
            <line number="60" hits="6" branch="False" />
            <line number="61" hits="6" branch="False" />
            <line number="62" hits="6" branch="False" />
            <line number="63" hits="6" branch="True" condition-coverage="50% (2/4)">
              <conditions>
                <condition number="8" type="jump" coverage="50%" />
                <condition number="24" type="jump" coverage="50%" />
              </conditions>
            </line>
            <line number="64" hits="0" branch="False" />
            <line number="66" hits="6" branch="False" />
            <line number="67" hits="6" branch="False" />
            <line number="69" hits="0" branch="False" />
            <line number="70" hits="0" branch="False" />
            <line number="71" hits="0" branch="False" />
            <line number="73" hits="217" branch="False" />
            <line number="74" hits="217" branch="False" />
            <line number="75" hits="217" branch="False" />
            <line number="6" hits="434" branch="False" />
            <line number="7" hits="217" branch="False" />
            <line number="8" hits="217" branch="False" />
          </lines>
        </class>
        <class name="Servidor.Game" filename="Game.cs" line-rate="0.9523" branch-rate="0.8571" complexity="19">
          <methods>
            <method name="SimulateEscoba" signature="()" line-rate="1" branch-rate="1" complexity="1">
              <lines>
                <line number="20" hits="1" branch="False" />
                <line number="21" hits="1" branch="False" />
                <line number="22" hits="1" branch="False" />
                <line number="23" hits="1" branch="False" />
              </lines>
            </method>
            <method name="PlayEscoba" signature="()" line-rate="1" branch-rate="1" complexity="2">
              <lines>
                <line number="24" hits="1" branch="False" />
                <line number="25" hits="1" branch="False" />
                <line number="26" hits="13" branch="True" condition-coverage="100% (2/2)">
                  <conditions>
                    <condition number="59" type="jump" coverage="100%" />
                  </conditions>
                </line>
                <line number="27" hits="6" branch="False" />
                <line number="28" hits="6" branch="False" />
                <line number="29" hits="6" branch="False" />
                <line number="30" hits="1" branch="False" />
                <line number="31" hits="1" branch="False" />
              </lines>
            </method>
            <method name="HasAnyPlayerWon" signature="()" line-rate="1" branch-rate="1" complexity="4">
              <lines>
                <line number="33" hits="7" branch="False" />
                <line number="34" hits="62" branch="True" condition-coverage="100% (2/2)">
                  <conditions>
                    <condition number="48" type="jump" coverage="100%" />
                  </conditions>
                </line>
                <line number="35" hits="15" branch="True" condition-coverage="100% (2/2)">
                  <conditions>
                    <condition number="33" type="jump" coverage="100%" />
                  </conditions>
                </line>
                <line number="36" hits="1" branch="False" />
                <line number="38" hits="13" branch="False" />
                <line number="39" hits="6" branch="False" />
                <line number="40" hits="7" branch="False" />
              </lines>
            </method>
            <method name="PlayRound" signature="()" line-rate="1" branch-rate="1" complexity="1">
              <lines>
                <line number="42" hits="6" branch="False" />
                <line number="43" hits="6" branch="False" />
                <line number="44" hits="6" branch="False" />
                <line number="45" hits="6" branch="False" />
                <line number="46" hits="6" branch="False" />
              </lines>
            </method>
            <method name="PrepareForNextRound" signature="()" line-rate="1" branch-rate="1" complexity="1">
              <lines>
                <line number="48" hits="6" branch="False" />
                <line number="49" hits="6" branch="False" />
                <line number="50" hits="6" branch="False" />
                <line number="51" hits="6" branch="False" />
                <line number="52" hits="6" branch="False" />
              </lines>
            </method>
            <method name="ClearPlayersCardsClaimedLastRound" signature="()" line-rate="1" branch-rate="1" complexity="2">
              <lines>
                <line number="53" hits="6" branch="False" />
                <line number="54" hits="54" branch="True" condition-coverage="100% (2/2)">
                  <conditions>
                    <condition number="40" type="jump" coverage="100%" />
                  </conditions>
                </line>
                <line number="55" hits="12" branch="False" />
                <line number="56" hits="12" branch="False" />
                <line number="57" hits="6" branch="False" />
              </lines>
            </method>
            <method name="InvertPlayersOrder" signature="()" line-rate="1" branch-rate="1" complexity="2">
              <lines>
                <line number="58" hits="6" branch="False" />
                <line number="59" hits="9" branch="True" condition-coverage="100% (2/2)">
                  <conditions>
                    <condition number="12" type="jump" coverage="100%" />
                  </conditions>
                </line>
                <line number="60" hits="3" branch="False" />
                <line number="61" hits="3" branch="False" />
                <line number="62" hits="6" branch="False" />
                <line number="63" hits="3" branch="False" />
                <line number="64" hits="3" branch="False" />
                <line number="65" hits="3" branch="False" />
                <line number="66" hits="6" branch="False" />
                <line number="67" hits="6" branch="False" />
              </lines>
            </method>
            <method name="EndGame" signature="()" line-rate="1" branch-rate="1" complexity="1">
              <lines>
                <line number="69" hits="1" branch="False" />
                <line number="70" hits="1" branch="False" />
                <line number="71" hits="1" branch="False" />
              </lines>
            </method>
            <method name="GetWinner" signature="()" line-rate="0.625" branch-rate="0.5" complexity="4">
              <lines>
                <line number="72" hits="1" branch="False" />
                <line number="73" hits="1" branch="True" condition-coverage="50% (1/2)">
                  <conditions>
                    <condition number="39" type="jump" coverage="50%" />
                  </conditions>
                </line>
                <line number="74" hits="0" branch="False" />
                <line number="75" hits="2" branch="True" condition-coverage="50% (1/2)">
                  <conditions>
                    <condition number="84" type="jump" coverage="50%" />
                  </conditions>
                </line>
                <line number="76" hits="1" branch="False" />
                <line number="77" hits="0" branch="False" />
                <line number="78" hits="0" branch="False" />
                <line number="80" hits="1" branch="False" />
              </lines>
            </method>
            <method name=".ctor" signature="()" line-rate="1" branch-rate="1" complexity="1">
              <lines>
                <line number="11" hits="2" branch="False" />
                <line number="12" hits="1" branch="False" />
                <line number="13" hits="1" branch="False" />
                <line number="14" hits="1" branch="False" />
                <line number="15" hits="1" branch="False" />
                <line number="16" hits="1" branch="False" />
                <line number="17" hits="1" branch="False" />
                <line number="18" hits="1" branch="False" />
              </lines>
            </method>
          </methods>
          <lines>
            <line number="20" hits="1" branch="False" />
            <line number="21" hits="1" branch="False" />
            <line number="22" hits="1" branch="False" />
            <line number="23" hits="1" branch="False" />
            <line number="24" hits="1" branch="False" />
            <line number="25" hits="1" branch="False" />
            <line number="26" hits="13" branch="True" condition-coverage="100% (2/2)">
              <conditions>
                <condition number="59" type="jump" coverage="100%" />
              </conditions>
            </line>
            <line number="27" hits="6" branch="False" />
            <line number="28" hits="6" branch="False" />
            <line number="29" hits="6" branch="False" />
            <line number="30" hits="1" branch="False" />
            <line number="31" hits="1" branch="False" />
            <line number="33" hits="7" branch="False" />
            <line number="34" hits="62" branch="True" condition-coverage="100% (2/2)">
              <conditions>
                <condition number="48" type="jump" coverage="100%" />
              </conditions>
            </line>
            <line number="35" hits="15" branch="True" condition-coverage="100% (2/2)">
              <conditions>
                <condition number="33" type="jump" coverage="100%" />
              </conditions>
            </line>
            <line number="36" hits="1" branch="False" />
            <line number="38" hits="13" branch="False" />
            <line number="39" hits="6" branch="False" />
            <line number="40" hits="7" branch="False" />
            <line number="42" hits="6" branch="False" />
            <line number="43" hits="6" branch="False" />
            <line number="44" hits="6" branch="False" />
            <line number="45" hits="6" branch="False" />
            <line number="46" hits="6" branch="False" />
            <line number="48" hits="6" branch="False" />
            <line number="49" hits="6" branch="False" />
            <line number="50" hits="6" branch="False" />
            <line number="51" hits="6" branch="False" />
            <line number="52" hits="6" branch="False" />
            <line number="53" hits="6" branch="False" />
            <line number="54" hits="54" branch="True" condition-coverage="100% (2/2)">
              <conditions>
                <condition number="40" type="jump" coverage="100%" />
              </conditions>
            </line>
            <line number="55" hits="12" branch="False" />
            <line number="56" hits="12" branch="False" />
            <line number="57" hits="6" branch="False" />
            <line number="58" hits="6" branch="False" />
            <line number="59" hits="9" branch="True" condition-coverage="100% (2/2)">
              <conditions>
                <condition number="12" type="jump" coverage="100%" />
              </conditions>
            </line>
            <line number="60" hits="3" branch="False" />
            <line number="61" hits="3" branch="False" />
            <line number="62" hits="6" branch="False" />
            <line number="63" hits="3" branch="False" />
            <line number="64" hits="3" branch="False" />
            <line number="65" hits="3" branch="False" />
            <line number="66" hits="6" branch="False" />
            <line number="67" hits="6" branch="False" />
            <line number="69" hits="1" branch="False" />
            <line number="70" hits="1" branch="False" />
            <line number="71" hits="1" branch="False" />
            <line number="72" hits="1" branch="False" />
            <line number="73" hits="1" branch="True" condition-coverage="50% (1/2)">
              <conditions>
                <condition number="39" type="jump" coverage="50%" />
              </conditions>
            </line>
            <line number="74" hits="0" branch="False" />
            <line number="75" hits="2" branch="True" condition-coverage="50% (1/2)">
              <conditions>
                <condition number="84" type="jump" coverage="50%" />
              </conditions>
            </line>
            <line number="76" hits="1" branch="False" />
            <line number="77" hits="0" branch="False" />
            <line number="78" hits="0" branch="False" />
            <line number="80" hits="1" branch="False" />
            <line number="11" hits="2" branch="False" />
            <line number="12" hits="1" branch="False" />
            <line number="13" hits="1" branch="False" />
            <line number="14" hits="1" branch="False" />
            <line number="15" hits="1" branch="False" />
            <line number="16" hits="1" branch="False" />
            <line number="17" hits="1" branch="False" />
            <line number="18" hits="1" branch="False" />
          </lines>
        </class>
        <class name="Servidor.Hand" filename="Hand.cs" line-rate="1" branch-rate="1" complexity="1">
          <methods>
            <method name="ToString" signature="()" line-rate="1" branch-rate="1" complexity="1">
              <lines>
                <line number="5" hits="216" branch="False" />
                <line number="6" hits="216" branch="False" />
                <line number="7" hits="216" branch="False" />
                <line number="8" hits="216" branch="False" />
                <line number="9" hits="216" branch="False" />
              </lines>
            </method>
          </methods>
          <lines>
            <line number="5" hits="216" branch="False" />
            <line number="6" hits="216" branch="False" />
            <line number="7" hits="216" branch="False" />
            <line number="8" hits="216" branch="False" />
            <line number="9" hits="216" branch="False" />
          </lines>
        </class>
        <class name="Servidor.Input" filename="Input.cs" line-rate="0" branch-rate="0" complexity="10">
          <methods>
            <method name="VerifyValidity" signature="(System.Int32)" line-rate="0" branch-rate="0" complexity="4">
              <lines>
                <line number="11" hits="0" branch="False" />
                <line number="12" hits="0" branch="False" />
                <line number="13" hits="0" branch="False" />
                <line number="14" hits="0" branch="True" condition-coverage="0% (0/4)">
                  <conditions>
                    <condition number="35" type="jump" coverage="0%" />
                    <condition number="54" type="jump" coverage="0%" />
                  </conditions>
                </line>
                <line number="15" hits="0" branch="False" />
                <line number="16" hits="0" branch="False" />
                <line number="17" hits="0" branch="False" />
                <line number="18" hits="0" branch="False" />
                <line number="19" hits="0" branch="False" />
                <line number="20" hits="0" branch="False" />
                <line number="21" hits="0" branch="False" />
              </lines>
            </method>
            <method name="IsInRange" signature="(System.Int32,System.Int32)" line-rate="0" branch-rate="0" complexity="4">
              <lines>
                <line number="22" hits="0" branch="False" />
                <line number="23" hits="0" branch="True" condition-coverage="0% (0/4)">
                  <conditions>
                    <condition number="3" type="jump" coverage="0%" />
                    <condition number="17" type="jump" coverage="0%" />
                  </conditions>
                </line>
                <line number="24" hits="0" branch="False" />
                <line number="25" hits="0" branch="False" />
                <line number="26" hits="0" branch="False" />
                <line number="28" hits="0" branch="False" />
              </lines>
            </method>
            <method name="GetValue" signature="()" line-rate="0" branch-rate="1" complexity="1">
              <lines>
                <line number="30" hits="0" branch="False" />
                <line number="31" hits="0" branch="False" />
                <line number="32" hits="0" branch="False" />
              </lines>
            </method>
            <method name=".ctor" signature="()" line-rate="0" branch-rate="1" complexity="1">
              <lines>
                <line number="7" hits="0" branch="False" />
                <line number="8" hits="0" branch="False" />
                <line number="9" hits="0" branch="False" />
              </lines>
            </method>
          </methods>
          <lines>
            <line number="11" hits="0" branch="False" />
            <line number="12" hits="0" branch="False" />
            <line number="13" hits="0" branch="False" />
            <line number="14" hits="0" branch="True" condition-coverage="0% (0/4)">
              <conditions>
                <condition number="35" type="jump" coverage="0%" />
                <condition number="54" type="jump" coverage="0%" />
              </conditions>
            </line>
            <line number="15" hits="0" branch="False" />
            <line number="16" hits="0" branch="False" />
            <line number="17" hits="0" branch="False" />
            <line number="18" hits="0" branch="False" />
            <line number="19" hits="0" branch="False" />
            <line number="20" hits="0" branch="False" />
            <line number="21" hits="0" branch="False" />
            <line number="22" hits="0" branch="False" />
            <line number="23" hits="0" branch="True" condition-coverage="0% (0/4)">
              <conditions>
                <condition number="3" type="jump" coverage="0%" />
                <condition number="17" type="jump" coverage="0%" />
              </conditions>
            </line>
            <line number="24" hits="0" branch="False" />
            <line number="25" hits="0" branch="False" />
            <line number="26" hits="0" branch="False" />
            <line number="28" hits="0" branch="False" />
            <line number="30" hits="0" branch="False" />
            <line number="31" hits="0" branch="False" />
            <line number="32" hits="0" branch="False" />
            <line number="7" hits="0" branch="False" />
            <line number="8" hits="0" branch="False" />
            <line number="9" hits="0" branch="False" />
          </lines>
        </class>
        <class name="Servidor.InputHandler" filename="InputHandler.cs" line-rate="0" branch-rate="0" complexity="2">
          <methods>
            <method name="HandleInput" signature="(System.Int32)" line-rate="0" branch-rate="0" complexity="2">
              <lines>
                <line number="5" hits="0" branch="False" />
                <line number="7" hits="0" branch="False" />
                <line number="8" hits="0" branch="False" />
                <line number="9" hits="0" branch="True" condition-coverage="0% (0/2)">
                  <conditions>
                    <condition number="21" type="jump" coverage="0%" />
                  </conditions>
                </line>
                <line number="10" hits="0" branch="False" />
                <line number="11" hits="0" branch="False" />
              </lines>
            </method>
          </methods>
          <lines>
            <line number="5" hits="0" branch="False" />
            <line number="7" hits="0" branch="False" />
            <line number="8" hits="0" branch="False" />
            <line number="9" hits="0" branch="True" condition-coverage="0% (0/2)">
              <conditions>
                <condition number="21" type="jump" coverage="0%" />
              </conditions>
            </line>
            <line number="10" hits="0" branch="False" />
            <line number="11" hits="0" branch="False" />
          </lines>
        </class>
        <class name="Servidor.Player" filename="Player.cs" line-rate="0.9852" branch-rate="0.875" complexity="24">
          <methods>
            <method name="CountCardsClaimedRound" signature="()" line-rate="1" branch-rate="1" complexity="1">
              <lines>
                <line number="20" hits="12" branch="False" />
                <line number="21" hits="12" branch="False" />
                <line number="22" hits="12" branch="False" />
              </lines>
            </method>
            <method name="CountNumberOfGolds" signature="()" line-rate="1" branch-rate="1" complexity="1">
              <lines>
                <line number="23" hits="12" branch="False" />
                <line number="24" hits="12" branch="False" />
                <line number="25" hits="12" branch="False" />
              </lines>
            </method>
            <method name="CountNumberOfSevens" signature="()" line-rate="1" branch-rate="1" complexity="1">
              <lines>
                <line number="26" hits="12" branch="False" />
                <line number="27" hits="12" branch="False" />
                <line number="28" hits="12" branch="False" />
              </lines>
            </method>
            <method name="CountHandCards" signature="()" line-rate="1" branch-rate="1" complexity="1">
              <lines>
                <line number="29" hits="216" branch="False" />
                <line number="30" hits="216" branch="False" />
                <line number="31" hits="216" branch="False" />
              </lines>
            </method>
            <method name="ClearCardsClaimedRound" signature="()" line-rate="1" branch-rate="1" complexity="1">
              <lines>
                <line number="33" hits="12" branch="False" />
                <line number="34" hits="12" branch="False" />
                <line number="35" hits="12" branch="False" />
              </lines>
            </method>
            <method name="AddPoints" signature="(Servidor.Point)" line-rate="0.8571" branch-rate="0.75" complexity="4">
              <lines>
                <line number="37" hits="113" branch="False" />
                <line number="38" hits="113" branch="True" condition-coverage="50% (1/2)">
                  <conditions>
                    <condition number="7" type="jump" coverage="50%" />
                  </conditions>
                </line>
                <line number="39" hits="0" branch="False" />
                <line number="40" hits="144" branch="True" condition-coverage="100% (2/2)">
                  <conditions>
                    <condition number="33" type="jump" coverage="100%" />
                  </conditions>
                </line>
                <line number="41" hits="31" branch="False" />
                <line number="42" hits="31" branch="False" />
                <line number="43" hits="113" branch="False" />
              </lines>
            </method>
            <method name="GetPoints" signature="()" line-rate="1" branch-rate="1" complexity="1">
              <lines>
                <line number="44" hits="16" branch="False" />
                <line number="45" hits="16" branch="False" />
                <line number="46" hits="16" branch="False" />
              </lines>
            </method>
            <method name="HasSevenOfGold" signature="()" line-rate="1" branch-rate="1" complexity="1">
              <lines>
                <line number="48" hits="12" branch="False" />
                <line number="49" hits="12" branch="False" />
                <line number="50" hits="12" branch="False" />
              </lines>
            </method>
            <method name="HasRunOutOfCards" signature="()" line-rate="1" branch-rate="1" complexity="2">
              <lines>
                <line number="51" hits="540" branch="False" />
                <line number="52" hits="708" branch="True" condition-coverage="100% (2/2)">
                  <conditions>
                    <condition number="17" type="jump" coverage="100%" />
                  </conditions>
                </line>
                <line number="53" hits="168" branch="False" />
                <line number="55" hits="372" branch="False" />
                <line number="56" hits="540" branch="False" />
              </lines>
            </method>
            <method name="HasWon" signature="()" line-rate="1" branch-rate="1" complexity="2">
              <lines>
                <line number="57" hits="14" branch="False" />
                <line number="58" hits="15" branch="True" condition-coverage="100% (2/2)">
                  <conditions>
                    <condition number="20" type="jump" coverage="100%" />
                  </conditions>
                </line>
                <line number="59" hits="1" branch="False" />
                <line number="61" hits="13" branch="False" />
                <line number="62" hits="14" branch="False" />
              </lines>
            </method>
            <method name="Claim" signature="(System.Collections.Generic.List`1&lt;Servidor.Card&gt;)" line-rate="1" branch-rate="1" complexity="1">
              <lines>
                <line number="64" hits="88" branch="False" />
                <line number="65" hits="88" branch="False" />
                <line number="66" hits="88" branch="False" />
              </lines>
            </method>
            <method name="TakeCard" signature="(System.Int32)" line-rate="1" branch-rate="1" complexity="1">
              <lines>
                <line number="67" hits="217" branch="False" />
                <line number="68" hits="217" branch="False" />
                <line number="69" hits="217" branch="False" />
              </lines>
            </method>
            <method name="DrawCards" signature="(System.Int32,Servidor.CardsCollection)" line-rate="1" branch-rate="1" complexity="1">
              <lines>
                <line number="70" hits="73" branch="False" />
                <line number="71" hits="73" branch="False" />
                <line number="72" hits="73" branch="False" />
              </lines>
            </method>
            <method name="GetNumber" signature="()" line-rate="1" branch-rate="1" complexity="1">
              <lines>
                <line number="74" hits="82" branch="False" />
                <line number="75" hits="82" branch="False" />
                <line number="76" hits="82" branch="False" />
              </lines>
            </method>
            <method name="GetHand" signature="()" line-rate="1" branch-rate="1" complexity="1">
              <lines>
                <line number="77" hits="216" branch="False" />
                <line number="78" hits="216" branch="False" />
                <line number="79" hits="216" branch="False" />
              </lines>
            </method>
            <method name="ToString" signature="()" line-rate="1" branch-rate="1" complexity="1">
              <lines>
                <line number="81" hits="277" branch="False" />
                <line number="82" hits="277" branch="False" />
                <line number="83" hits="277" branch="False" />
              </lines>
            </method>
            <method name="ToStringCardsClaimedRound" signature="()" line-rate="1" branch-rate="1" complexity="1">
              <lines>
                <line number="84" hits="12" branch="False" />
                <line number="85" hits="12" branch="False" />
                <line number="86" hits="12" branch="False" />
              </lines>
            </method>
            <method name=".ctor" signature="()" line-rate="1" branch-rate="1" complexity="1">
              <lines>
                <line number="11" hits="6" branch="False" />
                <line number="12" hits="3" branch="False" />
                <line number="13" hits="3" branch="False" />
                <line number="14" hits="3" branch="False" />
                <line number="15" hits="3" branch="False" />
                <line number="16" hits="3" branch="False" />
                <line number="17" hits="3" branch="False" />
                <line number="18" hits="3" branch="False" />
              </lines>
            </method>
            <method name=".cctor" signature="()" line-rate="1" branch-rate="1" complexity="1">
              <lines>
                <line number="6" hits="1" branch="False" />
              </lines>
            </method>
          </methods>
          <lines>
            <line number="20" hits="12" branch="False" />
            <line number="21" hits="12" branch="False" />
            <line number="22" hits="12" branch="False" />
            <line number="23" hits="12" branch="False" />
            <line number="24" hits="12" branch="False" />
            <line number="25" hits="12" branch="False" />
            <line number="26" hits="12" branch="False" />
            <line number="27" hits="12" branch="False" />
            <line number="28" hits="12" branch="False" />
            <line number="29" hits="216" branch="False" />
            <line number="30" hits="216" branch="False" />
            <line number="31" hits="216" branch="False" />
            <line number="33" hits="12" branch="False" />
            <line number="34" hits="12" branch="False" />
            <line number="35" hits="12" branch="False" />
            <line number="37" hits="113" branch="False" />
            <line number="38" hits="113" branch="True" condition-coverage="50% (1/2)">
              <conditions>
                <condition number="7" type="jump" coverage="50%" />
              </conditions>
            </line>
            <line number="39" hits="0" branch="False" />
            <line number="40" hits="144" branch="True" condition-coverage="100% (2/2)">
              <conditions>
                <condition number="33" type="jump" coverage="100%" />
              </conditions>
            </line>
            <line number="41" hits="31" branch="False" />
            <line number="42" hits="31" branch="False" />
            <line number="43" hits="113" branch="False" />
            <line number="44" hits="16" branch="False" />
            <line number="45" hits="16" branch="False" />
            <line number="46" hits="16" branch="False" />
            <line number="48" hits="12" branch="False" />
            <line number="49" hits="12" branch="False" />
            <line number="50" hits="12" branch="False" />
            <line number="51" hits="540" branch="False" />
            <line number="52" hits="708" branch="True" condition-coverage="100% (2/2)">
              <conditions>
                <condition number="17" type="jump" coverage="100%" />
              </conditions>
            </line>
            <line number="53" hits="168" branch="False" />
            <line number="55" hits="372" branch="False" />
            <line number="56" hits="540" branch="False" />
            <line number="57" hits="14" branch="False" />
            <line number="58" hits="15" branch="True" condition-coverage="100% (2/2)">
              <conditions>
                <condition number="20" type="jump" coverage="100%" />
              </conditions>
            </line>
            <line number="59" hits="1" branch="False" />
            <line number="61" hits="13" branch="False" />
            <line number="62" hits="14" branch="False" />
            <line number="64" hits="88" branch="False" />
            <line number="65" hits="88" branch="False" />
            <line number="66" hits="88" branch="False" />
            <line number="67" hits="217" branch="False" />
            <line number="68" hits="217" branch="False" />
            <line number="69" hits="217" branch="False" />
            <line number="70" hits="73" branch="False" />
            <line number="71" hits="73" branch="False" />
            <line number="72" hits="73" branch="False" />
            <line number="74" hits="82" branch="False" />
            <line number="75" hits="82" branch="False" />
            <line number="76" hits="82" branch="False" />
            <line number="77" hits="216" branch="False" />
            <line number="78" hits="216" branch="False" />
            <line number="79" hits="216" branch="False" />
            <line number="81" hits="277" branch="False" />
            <line number="82" hits="277" branch="False" />
            <line number="83" hits="277" branch="False" />
            <line number="84" hits="12" branch="False" />
            <line number="85" hits="12" branch="False" />
            <line number="86" hits="12" branch="False" />
            <line number="11" hits="6" branch="False" />
            <line number="12" hits="3" branch="False" />
            <line number="13" hits="3" branch="False" />
            <line number="14" hits="3" branch="False" />
            <line number="15" hits="3" branch="False" />
            <line number="16" hits="3" branch="False" />
            <line number="17" hits="3" branch="False" />
            <line number="18" hits="3" branch="False" />
            <line number="6" hits="1" branch="False" />
          </lines>
        </class>
        <class name="Servidor.PointsAssigner" filename="PointsAssigner.cs" line-rate="1" branch-rate="1" complexity="18">
          <methods>
            <method name="AssignPointsAtRoundEnd" signature="(System.Collections.Generic.List`1&lt;Servidor.Player&gt;)" line-rate="1" branch-rate="1" complexity="1">
              <lines>
                <line number="10" hits="6" branch="False" />
                <line number="11" hits="6" branch="False" />
                <line number="12" hits="6" branch="False" />
                <line number="13" hits="6" branch="False" />
                <line number="14" hits="6" branch="False" />
                <line number="15" hits="6" branch="False" />
                <line number="16" hits="6" branch="False" />
                <line number="17" hits="6" branch="False" />
              </lines>
            </method>
            <method name="AssignSevenOfGoldPoint" signature="(System.Collections.Generic.List`1&lt;Servidor.Player&gt;)" line-rate="1" branch-rate="1" complexity="4">
              <lines>
                <line number="18" hits="6" branch="False" />
                <line number="19" hits="54" branch="True" condition-coverage="100% (2/2)">
                  <conditions>
                    <condition number="61" type="jump" coverage="100%" />
                  </conditions>
                </line>
                <line number="20" hits="18" branch="True" condition-coverage="100% (2/2)">
                  <conditions>
                    <condition number="28" type="jump" coverage="100%" />
                  </conditions>
                </line>
                <line number="21" hits="6" branch="False" />
                <line number="22" hits="6" branch="False" />
                <line number="23" hits="6" branch="False" />
                <line number="24" hits="12" branch="False" />
                <line number="25" hits="6" branch="False" />
[...]
              <lines>
                <line number="27" hits="6" branch="False" />
                <line number="28" hits="6" branch="False" />
                <line number="29" hits="6" branch="False" />
                <line number="30" hits="48" branch="True" condition-coverage="100% (2/2)">
                  <conditions>
                    <condition number="110" type="jump" coverage="100%" />
                  </conditions>
                </line>
                <line number="31" hits="12" branch="False" />
                <line number="32" hits="12" branch="False" />
                <line number="33" hits="6" branch="False" />
              </lines>
            </method>
            <method name="PrintActualScore" signature="(System.Collections.Generic.List`1&lt;Servidor.Player&gt;)" line-rate="1" branch-rate="1" complexity="2">
              <lines>
                <line number="34" hits="6" branch="False" />
                <line number="35" hits="6" branch="False" />
                <line number="36" hits="6" branch="False" />
                <line number="37" hits="48" branch="True" condition-coverage="100% (2/2)">
                  <conditions>
                    <condition number="110" type="jump" coverage="100%" />
                  </conditions>
                </line>
                <line number="38" hits="12" branch="False" />
                <line number="39" hits="12" branch="False" />
                <line number="40" hits="6" branch="False" />
              </lines>
            </method>
            <method name="PrintBeginTurn" signature="(Servidor.Player,Servidor.TableCards)" line-rate="1" branch-rate="1" complexity="1">
              <lines>
                <line number="42" hits="216" branch="False" />
                <line number="43" hits="216" branch="False" />
                <line number="44" hits="216" branch="False" />
                <line number="45" hits="216" branch="False" />
                <line number="46" hits="216" branch="False" />
                <line number="47" hits="216" branch="False" />
                <line number="48" hits="216" branch="False" />
                <line number="49" hits="216" branch="False" />
              </lines>
            </method>
            <method name="PrintChoseCard" signature="(Servidor.Player)" line-rate="1" branch-rate="1" complexity="1">
              <lines>
                <line number="50" hits="216" branch="False" />
                <line number="51" hits="216" branch="False" />
                <line number="52" hits="216" branch="False" />
                <line number="53" hits="216" branch="False" />
                <line number="54" hits="216" branch="False" />
                <line number="55" hits="216" branch="False" />
                <line number="56" hits="216" branch="False" />
              </lines>
            </method>
            <method name="PrintChoseValidSubset" signature="(System.Collections.Generic.List`1&lt;System.Collections.Generic.List`1&lt;Servidor.Card&gt;&gt;)" line-rate="1" branch-rate="1" complexity="1">
              <lines>
                <line number="57" hits="36" branch="False" />
                <line number="58" hits="36" branch="False" />
                <line number="59" hits="36" branch="False" />
                <line number="60" hits="36" branch="False" />
                <line number="61" hits="36" branch="False" />
                <line number="62" hits="36" branch="False" />
                <line number="63" hits="36" branch="False" />
                <line number="64" hits="36" branch="False" />
                <line number="65" hits="36" branch="False" />
              </lines>
            </method>
            <method name="PrintValidSubsets" signature="(System.Collections.Generic.List`1&lt;System.Collections.Generic.List`1&lt;Servidor.Card&gt;&gt;)" line-rate="1" branch-rate="1" complexity="2">
              <lines>
                <line number="66" hits="36" branch="False" />
                <line number="67" hits="342" branch="True" condition-coverage="100% (2/2)">
                  <conditions>
                    <condition number="86" type="jump" coverage="100%" />
                  </conditions>
                </line>
                <line number="68" hits="90" branch="False" />
                <line number="69" hits="90" branch="False" />
                <line number="70" hits="36" branch="False" />
              </lines>
            </method>
            <method name="ReadInput" signature="(System.Int32)" line-rate="0.8" branch-rate="0.5" complexity="2">
              <lines>
                <line number="71" hits="252" branch="False" />
                <line number="72" hits="504" branch="True" condition-coverage="50% (1/2)">
                  <conditions>
                    <condition number="9" type="jump" coverage="50%" />
                  </conditions>
                </line>
                <line number="73" hits="252" branch="False" />
                <line number="75" hits="0" branch="False" />
                <line number="76" hits="252" branch="False" />
              </lines>
            </method>
            <method name="PrintCardsClaimed" signature="(Servidor.Point,System.Collections.Generic.List`1&lt;Servidor.Card&gt;)" line-rate="1" branch-rate="1" complexity="2">
              <lines>
                <line number="78" hits="88" branch="False" />
                <line number="79" hits="94" branch="True" condition-coverage="100% (2/2)">
                  <conditions>
                    <condition number="10" type="jump" coverage="100%" />
                  </conditions>
                </line>
                <line number="80" hits="6" branch="False" />
                <line number="81" hits="6" branch="False" />
                <line number="82" hits="88" branch="False" />
                <line number="83" hits="88" branch="False" />
              </lines>
            </method>
            <method name="PrintGameStart" signature="(Servidor.Player)" line-rate="1" branch-rate="1" complexity="1">
              <lines>
                <line number="85" hits="1" branch="False" />
                <line number="86" hits="1" branch="False" />
                <line number="87" hits="1" branch="False" />
                <line number="88" hits="1" branch="False" />
                <line number="89" hits="1" branch="False" />
              </lines>
            </method>
            <method name="PrintGameResults" signature="(Servidor.GameOutcome)" line-rate="0.7" branch-rate="0.5" complexity="4">
              <lines>
                <line number="90" hits="1" branch="False" />
                <line number="91" hits="1" branch="True" condition-coverage="50% (1/2)">
                  <conditions>
                    <condition number="7" type="jump" coverage="50%" />
                  </conditions>
                </line>
                <line number="92" hits="0" branch="False" />
                <line number="93" hits="2" branch="True" condition-coverage="50% (1/2)">
                  <conditions>
                    <condition number="30" type="jump" coverage="50%" />
                  </conditions>
                </line>
                <line number="94" hits="1" branch="False" />
                <line number="95" hits="1" branch="False" />
                <line number="96" hits="0" branch="False" />
                <line number="97" hits="0" branch="False" />
                <line number="98" hits="1" branch="False" />
                <line number="99" hits="1" branch="False" />
              </lines>
            </method>
            <method name="PrintSevenOfGoldPoint" signature="(Servidor.Player)" line-rate="1" branch-rate="1" complexity="1">
              <lines>
                <line number="101" hits="6" branch="False" />
                <line number="102" hits="6" branch="False" />
                <line number="103" hits="6" branch="False" />
              </lines>
            </method>
            <method name="PrintMostSevensPoint" signature="(Servidor.Player)" line-rate="1" branch-rate="1" complexity="1">
              <lines>
                <line number="104" hits="6" branch="False" />
                <line number="105" hits="6" branch="False" />
                <line number="106" hits="6" branch="False" />
              </lines>
            </method>
            <method name="PrintMostCardsPoint" signature="(Servidor.Player)" line-rate="1" branch-rate="1" complexity="1">
              <lines>
                <line number="107" hits="6" branch="False" />
                <line number="108" hits="6" branch="False" />
                <line number="109" hits="6" branch="False" />
              </lines>
            </method>
            <method name="PrintMostGoldPoint" signature="(Servidor.Player)" line-rate="1" branch-rate="1" complexity="1">
              <lines>
                <line number="110" hits="7" branch="False" />
                <line number="111" hits="7" branch="False" />
                <line number="112" hits="7" branch="False" />
              </lines>
            </method>
            <method name="PrintEscoba" signature="()" line-rate="1" branch-rate="1" complexity="1">
              <lines>
                <line number="114" hits="6" branch="False" />
                <line number="115" hits="6" branch="False" />
                <line number="116" hits="6" branch="False" />
              </lines>
            </method>
            <method name="PrintNoCardsClaimed" signature="()" line-rate="1" branch-rate="1" complexity="1">
              <lines>
                <line number="117" hits="134" branch="False" />
                <line number="118" hits="134" branch="False" />
                <line number="119" hits="134" branch="False" />
              </lines>
            </method>
            <method name="PrintEscobasClaimedAtDeal" signature="()" line-rate="0" branch-rate="1" complexity="1">
              <lines>
                <line number="120" hits="0" branch="False" />
                <line number="121" hits="0" branch="False" />
                <line number="122" hits="0" branch="False" />
              </lines>
            </method>
            <method name="PrintSeparator" signature="()" line-rate="1" branch-rate="1" complexity="1">
              <lines>
                <line number="124" hits="247" branch="False" />
                <line number="125" hits="247" branch="False" />
                <line number="126" hits="247" branch="False" />
              </lines>
            </method>
            <method name="PrintSeparatorWithLineBreak" signature="()" line-rate="1" branch-rate="1" complexity="1">
              <lines>
                <line number="127" hits="229" branch="False" />
                <line number="128" hits="229" branch="False" />
                <line number="129" hits="229" branch="False" />
              </lines>
            </method>
            <method name="PrintInputError" signature="()" line-rate="0" branch-rate="1" complexity="1">
              <lines>
                <line number="131" hits="0" branch="False" />
                <line number="132" hits="0" branch="False" />
                <line number="133" hits="0" branch="False" />
              </lines>
            </method>
            <method name=".ctor" signature="()" line-rate="1" branch-rate="1" complexity="1">
              <lines>
                <line number="7" hits="204" branch="False" />
                <line number="8" hits="102" branch="False" />
                <line number="9" hits="102" branch="False" />
                <line number="10" hits="102" branch="False" />
              </lines>
            </method>
          </methods>
          <lines>
            <line number="12" hits="6" branch="False" />
            <line number="13" hits="6" branch="False" />
            <line number="14" hits="6" branch="False" />
            <line number="15" hits="6" branch="False" />
            <line number="16" hits="6" branch="False" />
            <line number="17" hits="6" branch="False" />
            <line number="18" hits="6" branch="False" />
            <line number="19" hits="6" branch="False" />
            <line number="20" hits="6" branch="False" />
            <line number="21" hits="6" branch="False" />
            <line number="22" hits="6" branch="False" />
            <line number="23" hits="6" branch="False" />
            <line number="24" hits="6" branch="False" />
            <line number="25" hits="6" branch="False" />
            <line number="26" hits="6" branch="False" />
            <line number="27" hits="6" branch="False" />
            <line number="28" hits="6" branch="False" />
            <line number="29" hits="6" branch="False" />
            <line number="30" hits="48" branch="True" condition-coverage="100% (2/2)">
              <conditions>
                <condition number="110" type="jump" coverage="100%" />
              </conditions>
            </line>
            <line number="31" hits="12" branch="False" />
            <line number="32" hits="12" branch="False" />
            <line number="33" hits="6" branch="False" />
            <line number="34" hits="6" branch="False" />
            <line number="35" hits="6" branch="False" />
            <line number="36" hits="6" branch="False" />
            <line number="37" hits="48" branch="True" condition-coverage="100% (2/2)">
              <conditions>
                <condition number="110" type="jump" coverage="100%" />
              </conditions>
            </line>
            <line number="38" hits="12" branch="False" />
            <line number="39" hits="12" branch="False" />
            <line number="40" hits="6" branch="False" />
            <line number="42" hits="216" branch="False" />
            <line number="43" hits="216" branch="False" />
            <line number="44" hits="216" branch="False" />
            <line number="45" hits="216" branch="False" />
            <line number="46" hits="216" branch="False" />
            <line number="47" hits="216" branch="False" />
            <line number="48" hits="216" branch="False" />
            <line number="49" hits="216" branch="False" />
            <line number="50" hits="216" branch="False" />
            <line number="51" hits="216" branch="False" />
            <line number="52" hits="216" branch="False" />
            <line number="53" hits="216" branch="False" />
            <line number="54" hits="216" branch="False" />
            <line number="55" hits="216" branch="False" />
            <line number="56" hits="216" branch="False" />
            <line number="57" hits="36" branch="False" />
            <line number="58" hits="36" branch="False" />
            <line number="59" hits="36" branch="False" />
            <line number="60" hits="36" branch="False" />
            <line number="61" hits="36" branch="False" />
            <line number="62" hits="36" branch="False" />
            <line number="63" hits="36" branch="False" />
            <line number="64" hits="36" branch="False" />
            <line number="65" hits="36" branch="False" />
            <line number="66" hits="36" branch="False" />
            <line number="67" hits="342" branch="True" condition-coverage="100% (2/2)">
              <conditions>
                <condition number="86" type="jump" coverage="100%" />
              </conditions>
            </line>
            <line number="68" hits="90" branch="False" />
            <line number="69" hits="90" branch="False" />
            <line number="70" hits="36" branch="False" />
            <line number="71" hits="252" branch="False" />
            <line number="72" hits="504" branch="True" condition-coverage="50% (1/2)">
              <conditions>
                <condition number="9" type="jump" coverage="50%" />
              </conditions>
            </line>
            <line number="73" hits="252" branch="False" />
            <line number="75" hits="0" branch="False" />
            <line number="76" hits="252" branch="False" />
            <line number="78" hits="88" branch="False" />
            <line number="79" hits="94" branch="True" condition-coverage="100% (2/2)">
              <conditions>
                <condition number="10" type="jump" coverage="100%" />
              </conditions>
            </line>
            <line number="80" hits="6" branch="False" />
            <line number="81" hits="6" branch="False" />
            <line number="82" hits="88" branch="False" />
            <line number="83" hits="88" branch="False" />
            <line number="85" hits="1" branch="False" />
            <line number="86" hits="1" branch="False" />
            <line number="87" hits="1" branch="False" />
            <line number="88" hits="1" branch="False" />
            <line number="89" hits="1" branch="False" />
            <line number="90" hits="1" branch="False" />
            <line number="91" hits="1" branch="True" condition-coverage="50% (1/2)">
              <conditions>
                <condition number="7" type="jump" coverage="50%" />
              </conditions>
            </line>
            <line number="92" hits="0" branch="False" />
            <line number="93" hits="2" branch="True" condition-coverage="50% (1/2)">
              <conditions>
                <condition number="30" type="jump" coverage="50%" />
              </conditions>
            </line>
            <line number="94" hits="1" branch="False" />
            <line number="95" hits="1" branch="False" />
            <line number="96" hits="0" branch="False" />
            <line number="97" hits="0" branch="False" />
            <line number="98" hits="1" branch="False" />
            <line number="99" hits="1" branch="False" />
            <line number="101" hits="6" branch="False" />
            <line number="102" hits="6" branch="False" />
            <line number="103" hits="6" branch="False" />
            <line number="104" hits="6" branch="False" />
            <line number="105" hits="6" branch="False" />
            <line number="106" hits="6" branch="False" />
            <line number="107" hits="6" branch="False" />
            <line number="108" hits="6" branch="False" />
            <line number="109" hits="6" branch="False" />
            <line number="110" hits="7" branch="False" />
            <line number="111" hits="7" branch="False" />
            <line number="112" hits="7" branch="False" />
            <line number="114" hits="6" branch="False" />
            <line number="115" hits="6" branch="False" />
            <line number="116" hits="6" branch="False" />
            <line number="117" hits="134" branch="False" />
            <line number="118" hits="134" branch="False" />
            <line number="119" hits="134" branch="False" />
            <line number="120" hits="0" branch="False" />
            <line number="121" hits="0" branch="False" />
            <line number="122" hits="0" branch="False" />
            <line number="124" hits="247" branch="False" />
            <line number="125" hits="247" branch="False" />
            <line number="126" hits="247" branch="False" />
            <line number="127" hits="229" branch="False" />
            <line number="128" hits="229" branch="False" />
            <line number="129" hits="229" branch="False" />
            <line number="131" hits="0" branch="False" />
            <line number="132" hits="0" branch="False" />
            <line number="133" hits="0" branch="False" />
            <line number="7" hits="204" branch="False" />
            <line number="8" hits="102" branch="False" />
            <line number="9" hits="102" branch="False" />
            <line number="10" hits="102" branch="False" />
          </lines>
        </class>
      </classes>
    </package>
  </packages>
</coverage>