<?xml version="1.0" encoding="utf-8"?>
<coverage line-rate="0.9213" branch-rate="0.8245999999999999" version="1.9" timestamp="1668046683" lines-covered="691" lines-valid="750" branches-covered="127" branches-valid="154">
  <sources>
    <source>/home/jorge/Universidad/Diseño Detallado de Software IIC2113 2022-2/Tareas/T2/Servidor/</source>
  </sources>
  <packages>
    <package name="Servidor" line-rate="0.9213" branch-rate="0.8245999999999999" complexity="241">
      <classes>
        <class name="Program" filename="Program.cs" line-rate="0" branch-rate="1" complexity="1">
          <methods>
            <method name="&lt;Main&gt;$" signature="(System.String[])" line-rate="0" branch-rate="1" complexity="1">
              <lines>
                <line number="3" hits="0" branch="False" />
                <line number="4" hits="0" branch="False" />
              </lines>
            </method>
          </methods>
          <lines>
            <line number="3" hits="0" branch="False" />
            <line number="4" hits="0" branch="False" />
          </lines>
        </class>
        <class name="Servidor.Card" filename="Card.cs" line-rate="1" branch-rate="1" complexity="4">
          <methods>
            <method name="GetValue" signature="()" line-rate="1" branch-rate="1" complexity="1">
              <lines>
                <line number="12" hits="1940" branch="False" />
                <line number="13" hits="1940" branch="False" />
                <line number="14" hits="1940" branch="False" />
              </lines>
            </method>
            <method name="GetSuit" signature="()" line-rate="1" branch-rate="1" complexity="1">
              <lines>
                <line number="15" hits="209" branch="False" />
                <line number="16" hits="209" branch="False" />
                <line number="17" hits="209" branch="False" />
              </lines>
            </method>
            <method name="ToString" signature="()" line-rate="1" branch-rate="1" complexity="1">
              <lines>
                <line number="19" hits="584" branch="False" />
                <line number="20" hits="584" branch="False" />
                <line number="21" hits="584" branch="False" />
              </lines>
            </method>
            <method name=".ctor" signature="(Servidor.Suit,Servidor.Value)" line-rate="1" branch-rate="1" complexity="1">
              <lines>
                <line number="7" hits="164" branch="False" />
                <line number="8" hits="82" branch="False" />
                <line number="9" hits="82" branch="False" />
                <line number="10" hits="82" branch="False" />
              </lines>
            </method>
          </methods>
          <lines>
            <line number="12" hits="1940" branch="False" />
            <line number="13" hits="1940" branch="False" />
            <line number="14" hits="1940" branch="False" />
            <line number="15" hits="209" branch="False" />
            <line number="16" hits="209" branch="False" />
            <line number="17" hits="209" branch="False" />
            <line number="19" hits="584" branch="False" />
            <line number="20" hits="584" branch="False" />
            <line number="21" hits="584" branch="False" />
            <line number="7" hits="164" branch="False" />
            <line number="8" hits="82" branch="False" />
            <line number="9" hits="82" branch="False" />
            <line number="10" hits="82" branch="False" />
          </lines>
        </class>
        <class name="Servidor.CardsClaimer" filename="CardsClaimer.cs" line-rate="0.8378" branch-rate="0.4" complexity="12">
          <methods>
            <method name="ClaimCardSubsets" signature="()" line-rate="0.7272" branch-rate="0.25" complexity="4">
              <lines>
                <line number="18" hits="29" branch="False" />
                <line number="19" hits="29" branch="False" />
                <line number="20" hits="29" branch="True" condition-coverage="50% (1/2)">
                  <conditions>
                    <condition number="30" type="jump" coverage="50%" />
                  </conditions>
                </line>
                <line number="21" hits="0" branch="True" condition-coverage="0% (0/2)">
                  <conditions>
                    <condition number="73" type="jump" coverage="0%" />
                  </conditions>
                </line>
                <line number="22" hits="0" branch="False" />
                <line number="23" hits="0" branch="False" />
                <line number="24" hits="29" branch="False" />
                <line number="25" hits="29" branch="False" />
                <line number="26" hits="29" branch="False" />
                <line number="27" hits="29" branch="False" />
                <line number="28" hits="29" branch="False" />
              </lines>
            </method>
            <method name="Claim" signature="(System.Collections.Generic.List`1&lt;Servidor.Card&gt;)" line-rate="1" branch-rate="1" complexity="1">
              <lines>
                <line number="29" hits="29" branch="False" />
                <line number="30" hits="29" branch="False" />
                <line number="31" hits="29" branch="False" />
                <line number="32" hits="29" branch="False" />
              </lines>
            </method>
            <method name="RemoveCardSubsets" signature="()" line-rate="0.7" branch-rate="0.25" complexity="4">
              <lines>
                <line number="34" hits="29" branch="False" />
                <line number="35" hits="29" branch="True" condition-coverage="50% (1/2)">
                  <conditions>
                    <condition number="12" type="jump" coverage="50%" />
                  </conditions>
                </line>
                <line number="36" hits="0" branch="True" condition-coverage="0% (0/2)">
                  <conditions>
                    <condition number="55" type="jump" coverage="0%" />
                  </conditions>
                </line>
                <line number="37" hits="0" branch="False" />
                <line number="38" hits="0" branch="False" />
                <line number="39" hits="29" branch="False" />
                <line number="40" hits="29" branch="False" />
                <line number="41" hits="29" branch="False" />
                <line number="42" hits="29" branch="False" />
                <line number="43" hits="29" branch="False" />
              </lines>
            </method>
            <method name="Remove" signature="(System.Collections.Generic.List`1&lt;Servidor.Card&gt;)" line-rate="1" branch-rate="1" complexity="2">
              <lines>
                <line number="44" hits="29" branch="False" />
                <line number="45" hits="327" branch="True" condition-coverage="100% (2/2)">
                  <conditions>
                    <condition number="41" type="jump" coverage="100%" />
                  </conditions>
                </line>
                <line number="46" hits="80" branch="False" />
                <line number="47" hits="80" branch="False" />
                <line number="48" hits="29" branch="False" />
              </lines>
            </method>
            <method name=".ctor" signature="(Servidor.TableCards,Servidor.Player,Servidor.Point,Servidor.View,System.Collections.Generic.List`1&lt;System.Collections.Generic.List`1&lt;Servidor.Card&gt;&gt;)" line-rate="1" branch-rate="1" complexity="1">
              <lines>
                <line number="10" hits="60" branch="False" />
                <line number="11" hits="30" branch="False" />
                <line number="12" hits="30" branch="False" />
                <line number="13" hits="30" branch="False" />
                <line number="14" hits="30" branch="False" />
                <line number="15" hits="30" branch="False" />
                <line number="16" hits="30" branch="False" />
              </lines>
            </method>
          </methods>
          <lines>
            <line number="18" hits="29" branch="False" />
            <line number="19" hits="29" branch="False" />
            <line number="20" hits="29" branch="True" condition-coverage="50% (1/2)">
              <conditions>
                <condition number="30" type="jump" coverage="50%" />
              </conditions>
            </line>
            <line number="21" hits="0" branch="True" condition-coverage="0% (0/2)">
              <conditions>
                <condition number="73" type="jump" coverage="0%" />
              </conditions>
            </line>
            <line number="22" hits="0" branch="False" />
            <line number="23" hits="0" branch="False" />
            <line number="24" hits="29" branch="False" />
            <line number="25" hits="29" branch="False" />
            <line number="26" hits="29" branch="False" />
            <line number="27" hits="29" branch="False" />
            <line number="28" hits="29" branch="False" />
            <line number="29" hits="29" branch="False" />
            <line number="30" hits="29" branch="False" />
            <line number="31" hits="29" branch="False" />
            <line number="32" hits="29" branch="False" />
            <line number="34" hits="29" branch="False" />
            <line number="35" hits="29" branch="True" condition-coverage="50% (1/2)">
              <conditions>
                <condition number="12" type="jump" coverage="50%" />
              </conditions>
            </line>
            <line number="36" hits="0" branch="True" condition-coverage="0% (0/2)">
              <conditions>
                <condition number="55" type="jump" coverage="0%" />
              </conditions>
            </line>
            <line number="37" hits="0" branch="False" />
            <line number="38" hits="0" branch="False" />
            <line number="39" hits="29" branch="False" />
            <line number="40" hits="29" branch="False" />
            <line number="41" hits="29" branch="False" />
            <line number="42" hits="29" branch="False" />
            <line number="43" hits="29" branch="False" />
            <line number="44" hits="29" branch="False" />
            <line number="45" hits="327" branch="True" condition-coverage="100% (2/2)">
              <conditions>
                <condition number="41" type="jump" coverage="100%" />
              </conditions>
            </line>
            <line number="46" hits="80" branch="False" />
            <line number="47" hits="80" branch="False" />
            <line number="48" hits="29" branch="False" />
            <line number="10" hits="60" branch="False" />
            <line number="11" hits="30" branch="False" />
            <line number="12" hits="30" branch="False" />
            <line number="13" hits="30" branch="False" />
            <line number="14" hits="30" branch="False" />
            <line number="15" hits="30" branch="False" />
            <line number="16" hits="30" branch="False" />
          </lines>
        </class>
        <class name="Servidor.CardsCollection" filename="CardsCollection.cs" line-rate="0.955" branch-rate="0.9545" complexity="33">
          <methods>
            <method name="TakeCards" signature="(System.Int32,Servidor.CardsCollection)" line-rate="1" branch-rate="1" complexity="1">
              <lines>
                <line number="10" hits="26" branch="False" />
                <line number="11" hits="26" branch="False" />
                <line number="12" hits="26" branch="False" />
              </lines>
            </method>
            <method name="DrawCards" signature="(System.Int32)" line-rate="1" branch-rate="1" complexity="2">
              <lines>
                <line number="13" hits="26" branch="False" />
                <line number="14" hits="26" branch="False" />
                <line number="15" hits="186" branch="True" condition-coverage="100% (2/2)">
                  <conditions>
                    <condition number="78" type="jump" coverage="100%" />
                  </conditions>
                </line>
                <line number="16" hits="80" branch="False" />
                <line number="17" hits="80" branch="False" />
                <line number="18" hits="80" branch="False" />
                <line number="19" hits="80" branch="False" />
                <line number="20" hits="26" branch="False" />
                <line number="21" hits="26" branch="False" />
              </lines>
            </method>
            <method name="AppendCardList" signature="(System.Collections.Generic.List`1&lt;Servidor.Card&gt;)" line-rate="1" branch-rate="1" complexity="1">
              <lines>
                <line number="22" hits="55" branch="False" />
                <line number="23" hits="55" branch="False" />
                <line number="24" hits="55" branch="False" />
              </lines>
            </method>
            <method name="AppendCard" signature="(Servidor.Card)" line-rate="1" branch-rate="1" complexity="1">
              <lines>
                <line number="25" hits="72" branch="False" />
                <line number="26" hits="72" branch="False" />
                <line number="27" hits="72" branch="False" />
              </lines>
            </method>
            <method name="Remove" signature="(System.Int32)" line-rate="1" branch-rate="1" complexity="1">
              <lines>
                <line number="28" hits="72" branch="False" />
                <line number="29" hits="72" branch="False" />
                <line number="30" hits="72" branch="False" />
                <line number="31" hits="72" branch="False" />
                <line number="32" hits="72" branch="False" />
              </lines>
            </method>
            <method name="Remove" signature="(Servidor.Card)" line-rate="1" branch-rate="1" complexity="1">
              <lines>
                <line number="33" hits="80" branch="False" />
                <line number="34" hits="80" branch="False" />
                <line number="35" hits="80" branch="False" />
              </lines>
            </method>
            <method name="GetCards" signature="()" line-rate="0" branch-rate="1" complexity="1">
              <lines>
                <line number="37" hits="0" branch="False" />
                <line number="38" hits="0" branch="False" />
                <line number="39" hits="0" branch="False" />
              </lines>
            </method>
            <method name="CopyCards" signature="()" line-rate="1" branch-rate="1" complexity="1">
              <lines>
                <line number="40" hits="2" branch="False" />
                <line number="41" hits="2" branch="False" />
                <line number="42" hits="2" branch="False" />
                <line number="43" hits="2" branch="False" />
              </lines>
            </method>
            <method name="ClearCards" signature="()" line-rate="1" branch-rate="1" complexity="1">
              <lines>
                <line number="44" hits="4" branch="False" />
                <line number="45" hits="4" branch="False" />
                <line number="46" hits="4" branch="False" />
              </lines>
            </method>
            <method name="CountNumberOfSevens" signature="()" line-rate="1" branch-rate="1" complexity="4">
              <lines>
                <line number="48" hits="4" branch="False" />
                <line number="49" hits="4" branch="False" />
                <line number="50" hits="432" branch="True" condition-coverage="100% (2/2)">
                  <conditions>
                    <condition number="54" type="jump" coverage="100%" />
                  </conditions>
                </line>
                <line number="51" hits="152" branch="True" condition-coverage="100% (2/2)">
                  <conditions>
                    <condition number="38" type="jump" coverage="100%" />
                  </conditions>
                </line>
                <line number="52" hits="12" branch="False" />
                <line number="53" hits="12" branch="False" />
                <line number="54" hits="140" branch="False" />
                <line number="55" hits="4" branch="False" />
                <line number="56" hits="4" branch="False" />
              </lines>
            </method>
            <method name="CountCards" signature="()" line-rate="1" branch-rate="1" complexity="1">
              <lines>
                <line number="57" hits="270" branch="False" />
                <line number="58" hits="270" branch="False" />
                <line number="59" hits="270" branch="False" />
              </lines>
            </method>
            <method name="CountNumberOfGolds" signature="()" line-rate="1" branch-rate="1" complexity="4">
              <lines>
                <line number="60" hits="4" branch="False" />
                <line number="61" hits="4" branch="False" />
                <line number="62" hits="432" branch="True" condition-coverage="100% (2/2)">
                  <conditions>
                    <condition number="54" type="jump" coverage="100%" />
                  </conditions>
                </line>
                <line number="63" hits="174" branch="True" condition-coverage="100% (2/2)">
                  <conditions>
                    <condition number="38" type="jump" coverage="100%" />
                  </conditions>
                </line>
                <line number="64" hits="34" branch="False" />
                <line number="65" hits="34" branch="False" />
                <line number="66" hits="140" branch="False" />
                <line number="67" hits="4" branch="False" />
                <line number="68" hits="4" branch="False" />
              </lines>
            </method>
            <method name="HasSevenOfGold" signature="()" line-rate="0.8571" branch-rate="0.8332999999999999" complexity="6">
              <lines>
                <line number="70" hits="4" branch="False" />
                <line number="71" hits="212" branch="True" condition-coverage="50% (1/2)">
                  <conditions>
                    <condition number="63" type="jump" coverage="50%" />
                  </conditions>
                </line>
                <line number="72" hits="72" branch="True" condition-coverage="100% (4/4)">
                  <conditions>
                    <condition number="32" type="jump" coverage="100%" />
                    <condition number="48" type="jump" coverage="100%" />
                  </conditions>
                </line>
                <line number="73" hits="4" branch="False" />
                <line number="75" hits="64" branch="False" />
                <line number="76" hits="0" branch="False" />
                <line number="77" hits="4" branch="False" />
              </lines>
            </method>
            <method name="ConvertCardsToString" signature="()" line-rate="1" branch-rate="1" complexity="1">
              <lines>
                <line number="79" hits="4" branch="False" />
                <line number="80" hits="4" branch="False" />
                <line number="81" hits="4" branch="False" />
                <line number="82" hits="4" branch="False" />
              </lines>
            </method>
            <method name="ConvertCardsToDisplayFormat" signature="(System.Collections.Generic.List`1&lt;Servidor.Card&gt;)" line-rate="1" branch-rate="1" complexity="4">
              <lines>
                <line number="83" hits="112" branch="False" />
                <line number="84" hits="112" branch="False" />
                <line number="85" hits="1382" branch="True" condition-coverage="100% (2/2)">
                  <conditions>
                    <condition number="133" type="jump" coverage="100%" />
                  </conditions>
                </line>
                <line number="86" hits="491" branch="True" condition-coverage="100% (2/2)">
                  <conditions>
                    <condition number="18" type="jump" coverage="100%" />
                  </conditions>
                </line>
                <line number="87" hits="105" branch="False" />
                <line number="88" hits="386" branch="False" />
                <line number="89" hits="281" branch="False" />
                <line number="90" hits="281" branch="False" />
                <line number="91" hits="386" branch="False" />
                <line number="92" hits="112" branch="False" />
                <line number="93" hits="112" branch="False" />
              </lines>
            </method>
            <method name="ConvertCardsToEligibleFormat" signature="()" line-rate="1" branch-rate="1" complexity="2">
              <lines>
                <line number="94" hits="72" branch="False" />
                <line number="95" hits="72" branch="False" />
                <line number="96" hits="738" branch="True" condition-coverage="100% (2/2)">
                  <conditions>
                    <condition number="124" type="jump" coverage="100%" />
                  </conditions>
                </line>
                <line number="97" hits="198" branch="False" />
                <line number="98" hits="198" branch="False" />
                <line number="99" hits="72" branch="False" />
                <line number="100" hits="72" branch="False" />
              </lines>
            </method>
            <method name=".ctor" signature="()" line-rate="1" branch-rate="1" complexity="1">
              <lines>
                <line number="6" hits="14" branch="False" />
                <line number="7" hits="7" branch="False" />
                <line number="8" hits="7" branch="False" />
              </lines>
            </method>
          </methods>
          <lines>
            <line number="10" hits="26" branch="False" />
            <line number="11" hits="26" branch="False" />
            <line number="12" hits="26" branch="False" />
            <line number="13" hits="26" branch="False" />
            <line number="14" hits="26" branch="False" />
            <line number="15" hits="186" branch="True" condition-coverage="100% (2/2)">
              <conditions>
                <condition number="78" type="jump" coverage="100%" />
              </conditions>
            </line>
            <line number="16" hits="80" branch="False" />
            <line number="17" hits="80" branch="False" />
            <line number="18" hits="80" branch="False" />
            <line number="19" hits="80" branch="False" />
            <line number="20" hits="26" branch="False" />
            <line number="21" hits="26" branch="False" />
            <line number="22" hits="55" branch="False" />
            <line number="23" hits="55" branch="False" />
            <line number="24" hits="55" branch="False" />
            <line number="25" hits="72" branch="False" />
            <line number="26" hits="72" branch="False" />
            <line number="27" hits="72" branch="False" />
            <line number="28" hits="72" branch="False" />
            <line number="29" hits="72" branch="False" />
            <line number="30" hits="72" branch="False" />
            <line number="31" hits="72" branch="False" />
            <line number="32" hits="72" branch="False" />
            <line number="33" hits="80" branch="False" />
            <line number="34" hits="80" branch="False" />
            <line number="35" hits="80" branch="False" />
            <line number="37" hits="0" branch="False" />
            <line number="38" hits="0" branch="False" />
            <line number="39" hits="0" branch="False" />
            <line number="40" hits="2" branch="False" />
            <line number="41" hits="2" branch="False" />
            <line number="42" hits="2" branch="False" />
            <line number="43" hits="2" branch="False" />
            <line number="44" hits="4" branch="False" />
            <line number="45" hits="4" branch="False" />
            <line number="46" hits="4" branch="False" />
            <line number="48" hits="4" branch="False" />
            <line number="49" hits="4" branch="False" />
            <line number="50" hits="432" branch="True" condition-coverage="100% (2/2)">
              <conditions>
                <condition number="54" type="jump" coverage="100%" />
              </conditions>
            </line>
            <line number="51" hits="152" branch="True" condition-coverage="100% (2/2)">
              <conditions>
                <condition number="38" type="jump" coverage="100%" />
              </conditions>
            </line>
            <line number="52" hits="12" branch="False" />
            <line number="53" hits="12" branch="False" />
            <line number="54" hits="140" branch="False" />
            <line number="55" hits="4" branch="False" />
            <line number="56" hits="4" branch="False" />
            <line number="57" hits="270" branch="False" />
            <line number="58" hits="270" branch="False" />
            <line number="59" hits="270" branch="False" />
            <line number="60" hits="4" branch="False" />
            <line number="61" hits="4" branch="False" />
            <line number="62" hits="432" branch="True" condition-coverage="100% (2/2)">
              <conditions>
                <condition number="54" type="jump" coverage="100%" />
              </conditions>
            </line>
            <line number="63" hits="174" branch="True" condition-coverage="100% (2/2)">
              <conditions>
                <condition number="38" type="jump" coverage="100%" />
              </conditions>
            </line>
            <line number="64" hits="34" branch="False" />
            <line number="65" hits="34" branch="False" />
            <line number="66" hits="140" branch="False" />
            <line number="67" hits="4" branch="False" />
            <line number="68" hits="4" branch="False" />
            <line number="70" hits="4" branch="False" />
            <line number="71" hits="212" branch="True" condition-coverage="50% (1/2)">
              <conditions>
                <condition number="63" type="jump" coverage="50%" />
              </conditions>
            </line>
            <line number="72" hits="72" branch="True" condition-coverage="100% (4/4)">
              <conditions>
                <condition number="32" type="jump" coverage="100%" />
                <condition number="48" type="jump" coverage="100%" />
              </conditions>
            </line>
            <line number="73" hits="4" branch="False" />
            <line number="75" hits="64" branch="False" />
            <line number="76" hits="0" branch="False" />
            <line number="77" hits="4" branch="False" />
            <line number="79" hits="4" branch="False" />
            <line number="80" hits="4" branch="False" />
            <line number="81" hits="4" branch="False" />
            <line number="82" hits="4" branch="False" />
            <line number="83" hits="112" branch="False" />
            <line number="84" hits="112" branch="False" />
            <line number="85" hits="1382" branch="True" condition-coverage="100% (2/2)">
              <conditions>
                <condition number="133" type="jump" coverage="100%" />
              </conditions>
            </line>
            <line number="86" hits="491" branch="True" condition-coverage="100% (2/2)">
              <conditions>
                <condition number="18" type="jump" coverage="100%" />
              </conditions>
            </line>
            <line number="87" hits="105" branch="False" />
            <line number="88" hits="386" branch="False" />
            <line number="89" hits="281" branch="False" />
            <line number="90" hits="281" branch="False" />
            <line number="91" hits="386" branch="False" />
            <line number="92" hits="112" branch="False" />
            <line number="93" hits="112" branch="False" />
            <line number="94" hits="72" branch="False" />
            <line number="95" hits="72" branch="False" />
            <line number="96" hits="738" branch="True" condition-coverage="100% (2/2)">
              <conditions>
                <condition number="124" type="jump" coverage="100%" />
              </conditions>
            </line>
            <line number="97" hits="198" branch="False" />
            <line number="98" hits="198" branch="False" />
            <line number="99" hits="72" branch="False" />
            <line number="100" hits="72" branch="False" />
            <line number="6" hits="14" branch="False" />
            <line number="7" hits="7" branch="False" />
            <line number="8" hits="7" branch="False" />
          </lines>
        </class>
        <class name="Servidor.Deck" filename="Deck.cs" line-rate="1" branch-rate="1" complexity="7">
          <methods>
            <method name="Shuffle" signature="()" line-rate="1" branch-rate="1" complexity="1">
              <lines>
                <line number="9" hits="2" branch="False" />
                <line number="10" hits="82" branch="False" />
                <line number="11" hits="2" branch="False" />
              </lines>
            </method>
            <method name="Populate" signature="()" line-rate="1" branch-rate="1" complexity="4">
              <lines>
                <line number="12" hits="2" branch="False" />
                <line number="13" hits="30" branch="True" condition-coverage="100% (2/2)">
                  <conditions>
                    <condition number="133" type="jump" coverage="100%" />
                  </conditions>
                </line>
                <line number="14" hits="264" branch="True" condition-coverage="100% (2/2)">
                  <conditions>
                    <condition number="101" type="jump" coverage="100%" />
                  </conditions>
                </line>
                <line number="15" hits="80" branch="False" />
                <line number="16" hits="80" branch="False" />
                <line number="17" hits="8" branch="False" />
                <line number="18" hits="2" branch="False" />
              </lines>
            </method>
            <method name="IsDepleted" signature="()" line-rate="1" branch-rate="1" complexity="1">
              <lines>
                <line number="20" hits="22" branch="False" />
                <line number="21" hits="22" branch="False" />
                <line number="22" hits="22" branch="False" />
              </lines>
            </method>
            <method name=".ctor" signature="()" line-rate="1" branch-rate="1" complexity="1">
              <lines>
                <line number="5" hits="4" branch="False" />
                <line number="6" hits="2" branch="False" />
                <line number="7" hits="2" branch="False" />
                <line number="8" hits="2" branch="False" />
              </lines>
            </method>
          </methods>
          <lines>
            <line number="9" hits="2" branch="False" />
            <line number="10" hits="82" branch="False" />
            <line number="11" hits="2" branch="False" />
            <line number="12" hits="2" branch="False" />
            <line number="13" hits="30" branch="True" condition-coverage="100% (2/2)">
              <conditions>
                <condition number="133" type="jump" coverage="100%" />
              </conditions>
            </line>
            <line number="14" hits="264" branch="True" condition-coverage="100% (2/2)">
              <conditions>
                <condition number="101" type="jump" coverage="100%" />
              </conditions>
            </line>
            <line number="15" hits="80" branch="False" />
            <line number="16" hits="80" branch="False" />
            <line number="17" hits="8" branch="False" />
            <line number="18" hits="2" branch="False" />
            <line number="20" hits="22" branch="False" />
            <line number="21" hits="22" branch="False" />
            <line number="22" hits="22" branch="False" />
            <line number="5" hits="4" branch="False" />
            <line number="6" hits="2" branch="False" />
            <line number="7" hits="2" branch="False" />
            <line number="8" hits="2" branch="False" />
          </lines>
        </class>
        <class name="Servidor.EscobaVerifier" filename="EscobaVerifier.cs" line-rate="0.8965000000000001" branch-rate="0.8181" complexity="25">
          <methods>
            <method name="HasMultipleCardSubsetsThatAddUpTo15" signature="()" line-rate="1" branch-rate="1" complexity="2">
              <lines>
                <line number="10" hits="26" branch="False" />
                <line number="11" hits="29" branch="True" condition-coverage="100% (2/2)">
                  <conditions>
                    <condition number="17" type="jump" coverage="100%" />
                  </conditions>
                </line>
                <line number="12" hits="3" branch="False" />
                <line number="14" hits="23" branch="False" />
                <line number="15" hits="26" branch="False" />
              </lines>
            </method>
            <method name="HasCardSubsetsThatAddUpTo15" signature="()" line-rate="1" branch-rate="1" complexity="2">
              <lines>
                <line number="16" hits="72" branch="False" />
                <line number="17" hits="98" branch="True" condition-coverage="100% (2/2)">
                  <conditions>
                    <condition number="17" type="jump" coverage="100%" />
                  </conditions>
                </line>
                <line number="18" hits="26" branch="False" />
                <line number="20" hits="46" branch="False" />
                <line number="21" hits="72" branch="False" />
              </lines>
            </method>
            <method name="DetermineTurnPoints" signature="(Servidor.TableCards,System.Collections.Generic.List`1&lt;System.Collections.Generic.List`1&lt;Servidor.Card&gt;&gt;)" line-rate="1" branch-rate="1" complexity="2">
              <lines>
                <line number="23" hits="26" branch="False" />
                <line number="25" hits="32" branch="True" condition-coverage="100% (2/2)">
                  <conditions>
                    <condition number="10" type="jump" coverage="100%" />
                  </conditions>
                </line>
                <line number="26" hits="6" branch="False" />
                <line number="27" hits="26" branch="False" />
                <line number="28" hits="20" branch="False" />
                <line number="29" hits="20" branch="False" />
                <line number="30" hits="26" branch="False" />
                <line number="31" hits="26" branch="False" />
              </lines>
            </method>
            <method name="IsEscobaOnTurn" signature="(Servidor.TableCards,System.Collections.Generic.List`1&lt;System.Collections.Generic.List`1&lt;Servidor.Card&gt;&gt;)" line-rate="1" branch-rate="1" complexity="2">
              <lines>
                <line number="32" hits="26" branch="False" />
                <line number="33" hits="32" branch="True" condition-coverage="100% (2/2)">
                  <conditions>
                    <condition number="23" type="jump" coverage="100%" />
                  </conditions>
                </line>
                <line number="34" hits="6" branch="False" />
                <line number="36" hits="20" branch="False" />
                <line number="37" hits="26" branch="False" />
              </lines>
            </method>
            <method name="DetermineRoundEndPoints" signature="(Servidor.TableCards,System.Collections.Generic.List`1&lt;Servidor.Card&gt;)" line-rate="0.875" branch-rate="0.5" complexity="2">
              <lines>
                <line number="38" hits="2" branch="False" />
                <line number="40" hits="2" branch="True" condition-coverage="50% (1/2)">
                  <conditions>
                    <condition number="10" type="jump" coverage="50%" />
                  </conditions>
                </line>
                <line number="41" hits="0" branch="False" />
                <line number="42" hits="2" branch="False" />
                <line number="43" hits="2" branch="False" />
                <line number="44" hits="2" branch="False" />
                <line number="45" hits="2" branch="False" />
                <line number="46" hits="2" branch="False" />
              </lines>
            </method>
            <method name="DeterminePointsAtDeal" signature="(System.Collections.Generic.List`1&lt;System.Collections.Generic.List`1&lt;Servidor.Card&gt;&gt;)" line-rate="0.875" branch-rate="0.75" complexity="4">
              <lines>
                <line number="47" hits="2" branch="False" />
                <line number="48" hits="3" branch="True" condition-coverage="100% (2/2)">
                  <conditions>
                    <condition number="9" type="jump" coverage="100%" />
                  </conditions>
                </line>
                <line number="49" hits="1" branch="False" />
                <line number="50" hits="1" branch="True" condition-coverage="50% (1/2)">
                  <conditions>
                    <condition number="24" type="jump" coverage="50%" />
                  </conditions>
                </line>
                <line number="51" hits="0" branch="False" />
                <line number="52" hits="1" branch="False" />
                <line number="53" hits="1" branch="False" />
                <line number="55" hits="2" branch="False" />
              </lines>
            </method>
            <method name="IsOneEscobaAtDeal" signature="(System.Collections.Generic.List`1&lt;System.Collections.Generic.List`1&lt;Servidor.Card&gt;&gt;)" line-rate="1" branch-rate="1" complexity="4">
              <lines>
                <line number="56" hits="2" branch="False" />
                <line number="57" hits="3" branch="True" condition-coverage="100% (4/4)">
                  <conditions>
                    <condition number="8" type="jump" coverage="100%" />
                    <condition number="30" type="jump" coverage="100%" />
                  </conditions>
                </line>
                <line number="58" hits="1" branch="False" />
                <line number="60" hits="1" branch="False" />
                <line number="61" hits="2" branch="False" />
              </lines>
            </method>
            <method name="IsTwoEscobasAtDeal" signature="(System.Collections.Generic.List`1&lt;System.Collections.Generic.List`1&lt;Servidor.Card&gt;&gt;)" line-rate="0.8" branch-rate="0.5" complexity="4">
              <lines>
                <line number="62" hits="1" branch="False" />
                <line number="63" hits="1" branch="True" condition-coverage="50% (2/4)">
                  <conditions>
                    <condition number="8" type="jump" coverage="50%" />
                    <condition number="24" type="jump" coverage="50%" />
                  </conditions>
                </line>
                <line number="64" hits="0" branch="False" />
                <line number="66" hits="1" branch="False" />
                <line number="67" hits="1" branch="False" />
              </lines>
            </method>
            <method name="VerifyIfCardSubsetsShareCards" signature="(System.Collections.Generic.List`1&lt;System.Collections.Generic.List`1&lt;Servidor.Card&gt;&gt;)" line-rate="0" branch-rate="1" complexity="1">
              <lines>
                <line number="69" hits="0" branch="False" />
                <line number="70" hits="0" branch="False" />
                <line number="71" hits="0" branch="False" />
              </lines>
            </method>
            <method name="GetCardSubsets" signature="()" line-rate="1" branch-rate="1" complexity="1">
              <lines>
                <line number="73" hits="72" branch="False" />
                <line number="74" hits="72" branch="False" />
                <line number="75" hits="72" branch="False" />
              </lines>
            </method>
            <method name=".ctor" signature="(System.Collections.Generic.List`1&lt;System.Collections.Generic.List`1&lt;Servidor.Card&gt;&gt;)" line-rate="1" branch-rate="1" complexity="1">
              <lines>
                <line number="6" hits="144" branch="False" />
                <line number="7" hits="72" branch="False" />
                <line number="8" hits="72" branch="False" />
              </lines>
            </method>
          </methods>
          <lines>
            <line number="10" hits="26" branch="False" />
            <line number="11" hits="29" branch="True" condition-coverage="100% (2/2)">
              <conditions>
                <condition number="17" type="jump" coverage="100%" />
              </conditions>
            </line>
            <line number="12" hits="3" branch="False" />
            <line number="14" hits="23" branch="False" />
            <line number="15" hits="26" branch="False" />
            <line number="16" hits="72" branch="False" />
            <line number="17" hits="98" branch="True" condition-coverage="100% (2/2)">
              <conditions>
                <condition number="17" type="jump" coverage="100%" />
              </conditions>
            </line>
            <line number="18" hits="26" branch="False" />
            <line number="20" hits="46" branch="False" />
            <line number="21" hits="72" branch="False" />
            <line number="23" hits="26" branch="False" />
            <line number="25" hits="32" branch="True" condition-coverage="100% (2/2)">
              <conditions>
                <condition number="10" type="jump" coverage="100%" />
              </conditions>
            </line>
            <line number="26" hits="6" branch="False" />
            <line number="27" hits="26" branch="False" />
            <line number="28" hits="20" branch="False" />
            <line number="29" hits="20" branch="False" />
            <line number="30" hits="26" branch="False" />
            <line number="31" hits="26" branch="False" />
            <line number="32" hits="26" branch="False" />
            <line number="33" hits="32" branch="True" condition-coverage="100% (2/2)">
              <conditions>
                <condition number="23" type="jump" coverage="100%" />
              </conditions>
            </line>
            <line number="34" hits="6" branch="False" />
            <line number="36" hits="20" branch="False" />
            <line number="37" hits="26" branch="False" />
            <line number="38" hits="2" branch="False" />
            <line number="40" hits="2" branch="True" condition-coverage="50% (1/2)">
              <conditions>
                <condition number="10" type="jump" coverage="50%" />
              </conditions>
            </line>
            <line number="41" hits="0" branch="False" />
            <line number="42" hits="2" branch="False" />
            <line number="43" hits="2" branch="False" />
            <line number="44" hits="2" branch="False" />
            <line number="45" hits="2" branch="False" />
            <line number="46" hits="2" branch="False" />
            <line number="47" hits="2" branch="False" />
            <line number="48" hits="3" branch="True" condition-coverage="100% (2/2)">
              <conditions>
                <condition number="9" type="jump" coverage="100%" />
              </conditions>
            </line>
            <line number="49" hits="1" branch="False" />
            <line number="50" hits="1" branch="True" condition-coverage="50% (1/2)">
              <conditions>
                <condition number="24" type="jump" coverage="50%" />
              </conditions>
            </line>
            <line number="51" hits="0" branch="False" />
            <line number="52" hits="1" branch="False" />
            <line number="53" hits="1" branch="False" />
            <line number="55" hits="2" branch="False" />
            <line number="56" hits="2" branch="False" />
            <line number="57" hits="3" branch="True" condition-coverage="100% (4/4)">
              <conditions>
                <condition number="8" type="jump" coverage="100%" />
                <condition number="30" type="jump" coverage="100%" />
              </conditions>
            </line>
            <line number="58" hits="1" branch="False" />
            <line number="60" hits="1" branch="False" />
            <line number="61" hits="2" branch="False" />
            <line number="62" hits="1" branch="False" />
            <line number="63" hits="1" branch="True" condition-coverage="50% (2/4)">
              <conditions>
                <condition number="8" type="jump" coverage="50%" />
                <condition number="24" type="jump" coverage="50%" />
              </conditions>
            </line>
            <line number="64" hits="0" branch="False" />
            <line number="66" hits="1" branch="False" />
            <line number="67" hits="1" branch="False" />
            <line number="69" hits="0" branch="False" />
            <line number="70" hits="0" branch="False" />
            <line number="71" hits="0" branch="False" />
            <line number="73" hits="72" branch="False" />
            <line number="74" hits="72" branch="False" />
            <line number="75" hits="72" branch="False" />
            <line number="6" hits="144" branch="False" />
            <line number="7" hits="72" branch="False" />
            <line number="8" hits="72" branch="False" />
          </lines>
        </class>
        <class name="Servidor.Game" filename="Game.cs" line-rate="0.9695999999999999" branch-rate="0.8571" complexity="19">
          <methods>
            <method name="SimulateEscoba" signature="()" line-rate="1" branch-rate="1" complexity="1">
              <lines>
                <line number="23" hits="1" branch="False" />
                <line number="24" hits="1" branch="False" />
                <line number="25" hits="1" branch="False" />
                <line number="26" hits="1" branch="False" />
              </lines>
            </method>
            <method name="PlayEscoba" signature="()" line-rate="1" branch-rate="1" complexity="2">
              <lines>
                <line number="27" hits="1" branch="False" />
                <line number="28" hits="1" branch="False" />
                <line number="29" hits="5" branch="True" condition-coverage="100% (2/2)">
                  <conditions>
                    <condition number="59" type="jump" coverage="100%" />
                  </conditions>
                </line>
                <line number="30" hits="2" branch="False" />
                <line number="31" hits="2" branch="False" />
                <line number="32" hits="2" branch="False" />
                <line number="33" hits="1" branch="False" />
                <line number="34" hits="1" branch="False" />
              </lines>
            </method>
            <method name="HasAnyPlayerWon" signature="()" line-rate="1" branch-rate="1" complexity="4">
              <lines>
                <line number="36" hits="3" branch="False" />
                <line number="37" hits="23" branch="True" condition-coverage="100% (2/2)">
                  <conditions>
                    <condition number="48" type="jump" coverage="100%" />
                  </conditions>
                </line>
                <line number="38" hits="6" branch="True" condition-coverage="100% (2/2)">
                  <conditions>
                    <condition number="33" type="jump" coverage="100%" />
                  </conditions>
                </line>
                <line number="39" hits="1" branch="False" />
                <line number="41" hits="4" branch="False" />
                <line number="42" hits="2" branch="False" />
                <line number="43" hits="3" branch="False" />
              </lines>
            </method>
            <method name="PlayRound" signature="()" line-rate="1" branch-rate="1" complexity="1">
              <lines>
                <line number="45" hits="2" branch="False" />
                <line number="46" hits="2" branch="False" />
                <line number="47" hits="2" branch="False" />
                <line number="48" hits="2" branch="False" />
                <line number="49" hits="2" branch="False" />
              </lines>
            </method>
            <method name="PrepareForNextRound" signature="()" line-rate="1" branch-rate="1" complexity="1">
              <lines>
                <line number="51" hits="2" branch="False" />
                <line number="52" hits="2" branch="False" />
                <line number="53" hits="2" branch="False" />
                <line number="54" hits="2" branch="False" />
                <line number="55" hits="2" branch="False" />
              </lines>
            </method>
            <method name="ClearPlayersCardsClaimedLastRound" signature="()" line-rate="1" branch-rate="1" complexity="2">
              <lines>
                <line number="56" hits="2" branch="False" />
                <line number="57" hits="18" branch="True" condition-coverage="100% (2/2)">
                  <conditions>
                    <condition number="40" type="jump" coverage="100%" />
                  </conditions>
                </line>
                <line number="58" hits="4" branch="False" />
                <line number="59" hits="4" branch="False" />
                <line number="60" hits="2" branch="False" />
              </lines>
            </method>
            <method name="InvertPlayersOrder" signature="()" line-rate="1" branch-rate="1" complexity="2">
              <lines>
                <line number="61" hits="2" branch="False" />
                <line number="62" hits="3" branch="True" condition-coverage="100% (2/2)">
                  <conditions>
                    <condition number="12" type="jump" coverage="100%" />
                  </conditions>
                </line>
                <line number="63" hits="1" branch="False" />
                <line number="64" hits="1" branch="False" />
                <line number="65" hits="2" branch="False" />
                <line number="66" hits="1" branch="False" />
                <line number="67" hits="1" branch="False" />
                <line number="68" hits="1" branch="False" />
                <line number="69" hits="2" branch="False" />
                <line number="70" hits="2" branch="False" />
              </lines>
            </method>
            <method name="EndGame" signature="()" line-rate="1" branch-rate="1" complexity="1">
              <lines>
                <line number="72" hits="1" branch="False" />
                <line number="73" hits="1" branch="False" />
                <line number="74" hits="1" branch="False" />
              </lines>
            </method>
            <method name="GetWinner" signature="()" line-rate="0.75" branch-rate="0.5" complexity="4">
              <lines>
                <line number="75" hits="1" branch="False" />
                <line number="76" hits="1" branch="True" condition-coverage="50% (1/2)">
                  <conditions>
                    <condition number="39" type="jump" coverage="50%" />
                  </conditions>
                </line>
                <line number="77" hits="0" branch="False" />
                <line number="78" hits="1" branch="True" condition-coverage="50% (1/2)">
                  <conditions>
                    <condition number="84" type="jump" coverage="50%" />
                  </conditions>
                </line>
                <line number="79" hits="0" branch="False" />
                <line number="80" hits="1" branch="False" />
                <line number="81" hits="1" branch="False" />
                <line number="83" hits="1" branch="False" />
              </lines>
            </method>
            <method name=".ctor" signature="()" line-rate="1" branch-rate="1" complexity="1">
              <lines>
                <line number="11" hits="2" branch="False" />
                <line number="12" hits="1" branch="False" />
                <line number="13" hits="1" branch="False" />
                <line number="14" hits="1" branch="False" />
                <line number="15" hits="1" branch="False" />
                <line number="16" hits="1" branch="False" />
                <line number="17" hits="1" branch="False" />
                <line number="18" hits="1" branch="False" />
                <line number="19" hits="1" branch="False" />
                <line number="20" hits="1" branch="False" />
                <line number="21" hits="1" branch="False" />
              </lines>
            </method>
          </methods>
          <lines>
            <line number="23" hits="1" branch="False" />
            <line number="24" hits="1" branch="False" />
            <line number="25" hits="1" branch="False" />
            <line number="26" hits="1" branch="False" />
            <line number="27" hits="1" branch="False" />
            <line number="28" hits="1" branch="False" />
            <line number="29" hits="5" branch="True" condition-coverage="100% (2/2)">
              <conditions>
                <condition number="59" type="jump" coverage="100%" />
              </conditions>
            </line>
            <line number="30" hits="2" branch="False" />
            <line number="31" hits="2" branch="False" />
            <line number="32" hits="2" branch="False" />
            <line number="33" hits="1" branch="False" />
            <line number="34" hits="1" branch="False" />
            <line number="36" hits="3" branch="False" />
            <line number="37" hits="23" branch="True" condition-coverage="100% (2/2)">
              <conditions>
                <condition number="48" type="jump" coverage="100%" />
              </conditions>
            </line>
            <line number="38" hits="6" branch="True" condition-coverage="100% (2/2)">
              <conditions>
                <condition number="33" type="jump" coverage="100%" />
              </conditions>
            </line>
            <line number="39" hits="1" branch="False" />
            <line number="41" hits="4" branch="False" />
            <line number="42" hits="2" branch="False" />
            <line number="43" hits="3" branch="False" />
            <line number="45" hits="2" branch="False" />
            <line number="46" hits="2" branch="False" />
            <line number="47" hits="2" branch="False" />
            <line number="48" hits="2" branch="False" />
            <line number="49" hits="2" branch="False" />
            <line number="51" hits="2" branch="False" />
            <line number="52" hits="2" branch="False" />
            <line number="53" hits="2" branch="False" />
            <line number="54" hits="2" branch="False" />
            <line number="55" hits="2" branch="False" />
            <line number="56" hits="2" branch="False" />
            <line number="57" hits="18" branch="True" condition-coverage="100% (2/2)">
              <conditions>
                <condition number="40" type="jump" coverage="100%" />
              </conditions>
            </line>
            <line number="58" hits="4" branch="False" />
            <line number="59" hits="4" branch="False" />
            <line number="60" hits="2" branch="False" />
            <line number="61" hits="2" branch="False" />
            <line number="62" hits="3" branch="True" condition-coverage="100% (2/2)">
              <conditions>
                <condition number="12" type="jump" coverage="100%" />
              </conditions>
            </line>
            <line number="63" hits="1" branch="False" />
            <line number="64" hits="1" branch="False" />
            <line number="65" hits="2" branch="False" />
            <line number="66" hits="1" branch="False" />
            <line number="67" hits="1" branch="False" />
            <line number="68" hits="1" branch="False" />
            <line number="69" hits="2" branch="False" />
            <line number="70" hits="2" branch="False" />
            <line number="72" hits="1" branch="False" />
            <line number="73" hits="1" branch="False" />
            <line number="74" hits="1" branch="False" />
            <line number="75" hits="1" branch="False" />
            <line number="76" hits="1" branch="True" condition-coverage="50% (1/2)">
              <conditions>
                <condition number="39" type="jump" coverage="50%" />
              </conditions>
            </line>
            <line number="77" hits="0" branch="False" />
            <line number="78" hits="1" branch="True" condition-coverage="50% (1/2)">
              <conditions>
                <condition number="84" type="jump" coverage="50%" />
              </conditions>
            </line>
            <line number="79" hits="0" branch="False" />
            <line number="80" hits="1" branch="False" />
            <line number="81" hits="1" branch="False" />
            <line number="83" hits="1" branch="False" />
            <line number="11" hits="2" branch="False" />
            <line number="12" hits="1" branch="False" />
            <line number="13" hits="1" branch="False" />
            <line number="14" hits="1" branch="False" />
            <line number="15" hits="1" branch="False" />
            <line number="16" hits="1" branch="False" />
            <line number="17" hits="1" branch="False" />
            <line number="18" hits="1" branch="False" />
            <line number="19" hits="1" branch="False" />
            <line number="20" hits="1" branch="False" />
            <line number="21" hits="1" branch="False" />
          </lines>
        </class>
        <class name="Servidor.Hand" filename="Hand.cs" line-rate="1" branch-rate="1" complexity="1">
          <methods>
            <method name="ToString" signature="()" line-rate="1" branch-rate="1" complexity="1">
              <lines>
                <line number="5" hits="72" branch="False" />
                <line number="6" hits="72" branch="False" />
                <line number="7" hits="72" branch="False" />
                <line number="8" hits="72" branch="False" />
                <line number="9" hits="72" branch="False" />
              </lines>
            </method>
          </methods>
          <lines>
            <line number="5" hits="72" branch="False" />
            <line number="6" hits="72" branch="False" />
            <line number="7" hits="72" branch="False" />
            <line number="8" hits="72" branch="False" />
            <line number="9" hits="72" branch="False" />
          </lines>
        </class>
        <class name="Servidor.Input" filename="Input.cs" line-rate="0" branch-rate="0" complexity="10">
          <methods>
            <method name="VerifyValidity" signature="(System.Int32)" line-rate="0" branch-rate="0" complexity="4">
              <lines>
                <line number="11" hits="0" branch="False" />
                <line number="12" hits="0" branch="False" />
                <line number="13" hits="0" branch="False" />
                <line number="14" hits="0" branch="True" condition-coverage="0% (0/4)">
                  <conditions>
                    <condition number="35" type="jump" coverage="0%" />
                    <condition number="54" type="jump" coverage="0%" />
                  </conditions>
                </line>
                <line number="15" hits="0" branch="False" />
                <line number="16" hits="0" branch="False" />
                <line number="17" hits="0" branch="False" />
                <line number="18" hits="0" branch="False" />
                <line number="19" hits="0" branch="False" />
                <line number="20" hits="0" branch="False" />
                <line number="21" hits="0" branch="False" />
              </lines>
            </method>
            <method name="IsInRange" signature="(System.Int32,System.Int32)" line-rate="0" branch-rate="0" complexity="4">
              <lines>
                <line number="22" hits="0" branch="False" />
                <line number="23" hits="0" branch="True" condition-coverage="0% (0/4)">
                  <conditions>
                    <condition number="3" type="jump" coverage="0%" />
                    <condition number="17" type="jump" coverage="0%" />
                  </conditions>
                </line>
                <line number="24" hits="0" branch="False" />
                <line number="25" hits="0" branch="False" />
                <line number="26" hits="0" branch="False" />
                <line number="28" hits="0" branch="False" />
              </lines>
            </method>
            <method name="GetValue" signature="()" line-rate="0" branch-rate="1" complexity="1">
              <lines>
                <line number="30" hits="0" branch="False" />
                <line number="31" hits="0" branch="False" />
                <line number="32" hits="0" branch="False" />
              </lines>
            </method>
            <method name=".ctor" signature="()" line-rate="0" branch-rate="1" complexity="1">
              <lines>
                <line number="7" hits="0" branch="False" />
                <line number="8" hits="0" branch="False" />
                <line number="9" hits="0" branch="False" />
              </lines>
            </method>
          </methods>
          <lines>
            <line number="11" hits="0" branch="False" />
            <line number="12" hits="0" branch="False" />
            <line number="13" hits="0" branch="False" />
            <line number="14" hits="0" branch="True" condition-coverage="0% (0/4)">
              <conditions>
                <condition number="35" type="jump" coverage="0%" />
                <condition number="54" type="jump" coverage="0%" />
              </conditions>
            </line>
            <line number="15" hits="0" branch="False" />
            <line number="16" hits="0" branch="False" />
            <line number="17" hits="0" branch="False" />
            <line number="18" hits="0" branch="False" />
            <line number="19" hits="0" branch="False" />
            <line number="20" hits="0" branch="False" />
            <line number="21" hits="0" branch="False" />
            <line number="22" hits="0" branch="False" />
            <line number="23" hits="0" branch="True" condition-coverage="0% (0/4)">
              <conditions>
                <condition number="3" type="jump" coverage="0%" />
                <condition number="17" type="jump" coverage="0%" />
              </conditions>
            </line>
            <line number="24" hits="0" branch="False" />
            <line number="25" hits="0" branch="False" />
            <line number="26" hits="0" branch="False" />
            <line number="28" hits="0" branch="False" />
            <line number="30" hits="0" branch="False" />
            <line number="31" hits="0" branch="False" />
            <line number="32" hits="0" branch="False" />
            <line number="7" hits="0" branch="False" />
            <line number="8" hits="0" branch="False" />
            <line number="9" hits="0" branch="False" />
          </lines>
        </class>
        <class name="Servidor.InputHandler" filename="InputHandler.cs" line-rate="0" branch-rate="0" complexity="2">
          <methods>
            <method name="HandleInput" signature="(System.Int32)" line-rate="0" branch-rate="0" complexity="2">
              <lines>
                <line number="5" hits="0" branch="False" />
                <line number="7" hits="0" branch="False" />
                <line number="8" hits="0" branch="False" />
                <line number="9" hits="0" branch="True" condition-coverage="0% (0/2)">
                  <conditions>
                    <condition number="21" type="jump" coverage="0%" />
                  </conditions>
                </line>
                <line number="10" hits="0" branch="False" />
                <line number="11" hits="0" branch="False" />
              </lines>
            </method>
          </methods>
          <lines>
            <line number="5" hits="0" branch="False" />
            <line number="7" hits="0" branch="False" />
            <line number="8" hits="0" branch="False" />
            <line number="9" hits="0" branch="True" condition-coverage="0% (0/2)">
              <conditions>
                <condition number="21" type="jump" coverage="0%" />
              </conditions>
            </line>
            <line number="10" hits="0" branch="False" />
            <line number="11" hits="0" branch="False" />
          </lines>
        </class>
        <class name="Servidor.Player" filename="Player.cs" line-rate="0.9848" branch-rate="0.875" complexity="23">
          <methods>
            <method name="CountCardsClaimedRound" signature="()" line-rate="1" branch-rate="1" complexity="1">
              <lines>
                <line number="18" hits="4" branch="False" />
                <line number="19" hits="4" branch="False" />
                <line number="20" hits="4" branch="False" />
              </lines>
            </method>
            <method name="CountNumberOfGolds" signature="()" line-rate="1" branch-rate="1" complexity="1">
              <lines>
                <line number="21" hits="4" branch="False" />
                <line number="22" hits="4" branch="False" />
                <line number="23" hits="4" branch="False" />
              </lines>
            </method>
            <method name="CountNumberOfSevens" signature="()" line-rate="1" branch-rate="1" complexity="1">
              <lines>
                <line number="24" hits="4" branch="False" />
                <line number="25" hits="4" branch="False" />
                <line number="26" hits="4" branch="False" />
              </lines>
            </method>
            <method name="CountHandCards" signature="()" line-rate="1" branch-rate="1" complexity="1">
              <lines>
                <line number="27" hits="72" branch="False" />
                <line number="28" hits="72" branch="False" />
                <line number="29" hits="72" branch="False" />
              </lines>
            </method>
            <method name="ClearCardsClaimedRound" signature="()" line-rate="1" branch-rate="1" complexity="1">
              <lines>
                <line number="31" hits="4" branch="False" />
                <line number="32" hits="4" branch="False" />
                <line number="33" hits="4" branch="False" />
              </lines>
            </method>
            <method name="AddPoints" signature="(Servidor.Point)" line-rate="0.8571" branch-rate="0.75" complexity="4">
              <lines>
                <line number="35" hits="45" branch="False" />
                <line number="36" hits="45" branch="True" condition-coverage="50% (1/2)">
                  <conditions>
                    <condition number="7" type="jump" coverage="50%" />
                  </conditions>
                </line>
                <line number="37" hits="0" branch="False" />
                <line number="38" hits="68" branch="True" condition-coverage="100% (2/2)">
                  <conditions>
                    <condition number="33" type="jump" coverage="100%" />
                  </conditions>
                </line>
                <line number="39" hits="23" branch="False" />
                <line number="40" hits="23" branch="False" />
                <line number="41" hits="45" branch="False" />
              </lines>
            </method>
            <method name="HasSevenOfGold" signature="()" line-rate="1" branch-rate="1" complexity="1">
              <lines>
                <line number="43" hits="4" branch="False" />
                <line number="44" hits="4" branch="False" />
                <line number="45" hits="4" branch="False" />
              </lines>
            </method>
            <method name="HasRunOutOfCards" signature="()" line-rate="1" branch-rate="1" complexity="2">
              <lines>
                <line number="46" hits="168" branch="False" />
                <line number="47" hits="212" branch="True" condition-coverage="100% (2/2)">
                  <conditions>
                    <condition number="17" type="jump" coverage="100%" />
                  </conditions>
                </line>
                <line number="48" hits="44" branch="False" />
                <line number="50" hits="124" branch="False" />
                <line number="51" hits="168" branch="False" />
              </lines>
            </method>
            <method name="HasWon" signature="()" line-rate="1" branch-rate="1" complexity="2">
              <lines>
                <line number="52" hits="5" branch="False" />
                <line number="53" hits="6" branch="True" condition-coverage="100% (2/2)">
                  <conditions>
                    <condition number="20" type="jump" coverage="100%" />
                  </conditions>
                </line>
                <line number="54" hits="1" branch="False" />
                <line number="56" hits="4" branch="False" />
                <line number="57" hits="5" branch="False" />
              </lines>
            </method>
            <method name="Claim" signature="(System.Collections.Generic.List`1&lt;Servidor.Card&gt;)" line-rate="1" branch-rate="1" complexity="1">
              <lines>
                <line number="59" hits="29" branch="False" />
                <line number="60" hits="29" branch="False" />
                <line number="61" hits="29" branch="False" />
              </lines>
            </method>
            <method name="RemoveFromHand" signature="(System.Int32)" line-rate="1" branch-rate="1" complexity="1">
              <lines>
                <line number="62" hits="72" branch="False" />
                <line number="63" hits="72" branch="False" />
                <line number="64" hits="72" branch="False" />
              </lines>
            </method>
            <method name="DrawCards" signature="(System.Int32,Servidor.Deck)" line-rate="1" branch-rate="1" complexity="1">
              <lines>
                <line number="65" hits="24" branch="False" />
                <line number="66" hits="24" branch="False" />
                <line number="67" hits="24" branch="False" />
              </lines>
            </method>
            <method name="GetPoints" signature="()" line-rate="1" branch-rate="1" complexity="1">
              <lines>
                <line number="69" hits="8" branch="False" />
                <line number="70" hits="8" branch="False" />
                <line number="71" hits="8" branch="False" />
              </lines>
            </method>
            <method name="GetId" signature="()" line-rate="1" branch-rate="1" complexity="1">
              <lines>
                <line number="72" hits="26" branch="False" />
                <line number="73" hits="26" branch="False" />
                <line number="74" hits="26" branch="False" />
              </lines>
            </method>
            <method name="GetHand" signature="()" line-rate="1" branch-rate="1" complexity="1">
              <lines>
                <line number="75" hits="72" branch="False" />
                <line number="76" hits="72" branch="False" />
                <line number="77" hits="72" branch="False" />
              </lines>
            </method>
            <method name="ToString" signature="()" line-rate="1" branch-rate="1" complexity="1">
              <lines>
                <line number="79" hits="100" branch="False" />
                <line number="80" hits="100" branch="False" />
                <line number="81" hits="100" branch="False" />
              </lines>
            </method>
            <method name="ToStringCardsClaimedRound" signature="()" line-rate="1" branch-rate="1" complexity="1">
              <lines>
                <line number="82" hits="4" branch="False" />
                <line number="83" hits="4" branch="False" />
                <line number="84" hits="4" branch="False" />
              </lines>
            </method>
            <method name=".ctor" signature="(System.Int32)" line-rate="1" branch-rate="1" complexity="1">
              <lines>
                <line number="10" hits="4" branch="False" />
                <line number="11" hits="2" branch="False" />
                <line number="12" hits="2" branch="False" />
                <line number="13" hits="2" branch="False" />
                <line number="14" hits="2" branch="False" />
                <line number="15" hits="2" branch="False" />
                <line number="16" hits="2" branch="False" />
              </lines>
            </method>
          </methods>
          <lines>
            <line number="18" hits="4" branch="False" />
            <line number="19" hits="4" branch="False" />
            <line number="20" hits="4" branch="False" />
            <line number="21" hits="4" branch="False" />
            <line number="22" hits="4" branch="False" />
            <line number="23" hits="4" branch="False" />
            <line number="24" hits="4" branch="False" />
            <line number="25" hits="4" branch="False" />
            <line number="26" hits="4" branch="False" />
            <line number="27" hits="72" branch="False" />
            <line number="28" hits="72" branch="False" />
            <line number="29" hits="72" branch="False" />
            <line number="31" hits="4" branch="False" />
            <line number="32" hits="4" branch="False" />
            <line number="33" hits="4" branch="False" />
            <line number="35" hits="45" branch="False" />
            <line number="36" hits="45" branch="True" condition-coverage="50% (1/2)">
              <conditions>
                <condition number="7" type="jump" coverage="50%" />
              </conditions>
            </line>
            <line number="37" hits="0" branch="False" />
            <line number="38" hits="68" branch="True" condition-coverage="100% (2/2)">
              <conditions>
                <condition number="33" type="jump" coverage="100%" />
              </conditions>
            </line>
            <line number="39" hits="23" branch="False" />
            <line number="40" hits="23" branch="False" />
            <line number="41" hits="45" branch="False" />
            <line number="43" hits="4" branch="False" />
            <line number="44" hits="4" branch="False" />
            <line number="45" hits="4" branch="False" />
            <line number="46" hits="168" branch="False" />
            <line number="47" hits="212" branch="True" condition-coverage="100% (2/2)">
              <conditions>
                <condition number="17" type="jump" coverage="100%" />
              </conditions>
            </line>
            <line number="48" hits="44" branch="False" />
            <line number="50" hits="124" branch="False" />
            <line number="51" hits="168" branch="False" />
            <line number="52" hits="5" branch="False" />
            <line number="53" hits="6" branch="True" condition-coverage="100% (2/2)">
              <conditions>
                <condition number="20" type="jump" coverage="100%" />
              </conditions>
            </line>
            <line number="54" hits="1" branch="False" />
            <line number="56" hits="4" branch="False" />
            <line number="57" hits="5" branch="False" />
            <line number="59" hits="29" branch="False" />
            <line number="60" hits="29" branch="False" />
            <line number="61" hits="29" branch="False" />
            <line number="62" hits="72" branch="False" />
            <line number="63" hits="72" branch="False" />
            <line number="64" hits="72" branch="False" />
            <line number="65" hits="24" branch="False" />
            <line number="66" hits="24" branch="False" />
            <line number="67" hits="24" branch="False" />
            <line number="69" hits="8" branch="False" />
            <line number="70" hits="8" branch="False" />
            <line number="71" hits="8" branch="False" />
            <line number="72" hits="26" branch="False" />
            <line number="73" hits="26" branch="False" />
            <line number="74" hits="26" branch="False" />
            <line number="75" hits="72" branch="False" />
            <line number="76" hits="72" branch="False" />
            <line number="77" hits="72" branch="False" />
            <line number="79" hits="100" branch="False" />
            <line number="80" hits="100" branch="False" />
            <line number="81" hits="100" branch="False" />
            <line number="82" hits="4" branch="False" />
            <line number="83" hits="4" branch="False" />
            <line number="84" hits="4" branch="False" />
            <line number="10" hits="4" branch="False" />
            <line number="11" hits="2" branch="False" />
            <line number="12" hits="2" branch="False" />
            <line number="13" hits="2" branch="False" />
            <line number="14" hits="2" branch="False" />
            <line number="15" hits="2" branch="False" />
            <line number="16" hits="2" branch="False" />
          </lines>
        </class>
        <class name="Servidor.PointsAssigner" filename="PointsAssigner.cs" line-rate="1" branch-rate="1" complexity="18">
          <methods>
            <method name="AssignPointsAtRoundEnd" signature="(System.Collections.Generic.List`1&lt;Servidor.Player&gt;)" line-rate="1" branch-rate="1" complexity="1">
              <lines>
                <line number="10" hits="2" branch="False" />
                <line number="11" hits="2" branch="False" />
                <line number="12" hits="2" branch="False" />
                <line number="13" hits="2" branch="False" />
                <line number="14" hits="2" branch="False" />
                <line number="15" hits="2" branch="False" />
                <line number="16" hits="2" branch="False" />
                <line number="17" hits="2" branch="False" />
              </lines>
            </method>
            <method name="AssignSevenOfGoldPoint" signature="(System.Collections.Generic.List`1&lt;Servidor.Player&gt;)" line-rate="1" branch-rate="1" complexity="4">
              <lines>
                <line number="18" hits="2" branch="False" />
                <line number="19" hits="18" branch="True" condition-coverage="100% (2/2)">
                  <conditions>
                    <condition number="61" type="jump" coverage="100%" />
                  </conditions>
                </line>
                <line number="20" hits="8" branch="True" condition-coverage="100% (2/2)">
                  <conditions>
                    <condition number="28" type="jump" coverage="100%" />
                  </conditions>
                </line>
                <line number="21" hits="4" branch="False" />
                <line number="22" hits="4" branch="False" />
                <line number="23" hits="4" branch="False" />
                <line number="24" hits="4" branch="False" />
                <line number="25" hits="2" branch="False" />
                <line number="26" hits="2" branch="False" />
              </lines>
            </method>
[...]
            </method>
            <method name="PrintCardsClaimedRound" signature="(System.Collections.Generic.List`1&lt;Servidor.Player&gt;)" line-rate="1" branch-rate="1" complexity="2">
              <lines>
                <line number="27" hits="2" branch="False" />
                <line number="28" hits="2" branch="False" />
                <line number="29" hits="2" branch="False" />
                <line number="30" hits="16" branch="True" condition-coverage="100% (2/2)">
                  <conditions>
                    <condition number="110" type="jump" coverage="100%" />
                  </conditions>
                </line>
                <line number="31" hits="4" branch="False" />
                <line number="32" hits="4" branch="False" />
                <line number="33" hits="2" branch="False" />
              </lines>
            </method>
            <method name="PrintActualScore" signature="(System.Collections.Generic.List`1&lt;Servidor.Player&gt;)" line-rate="1" branch-rate="1" complexity="2">
              <lines>
                <line number="34" hits="2" branch="False" />
                <line number="35" hits="2" branch="False" />
                <line number="36" hits="2" branch="False" />
                <line number="37" hits="16" branch="True" condition-coverage="100% (2/2)">
                  <conditions>
                    <condition number="110" type="jump" coverage="100%" />
                  </conditions>
                </line>
                <line number="38" hits="4" branch="False" />
                <line number="39" hits="4" branch="False" />
                <line number="40" hits="2" branch="False" />
              </lines>
            </method>
            <method name="PrintBeginTurn" signature="(Servidor.Player,Servidor.TableCards)" line-rate="1" branch-rate="1" complexity="1">
              <lines>
                <line number="42" hits="72" branch="False" />
                <line number="43" hits="72" branch="False" />
                <line number="44" hits="72" branch="False" />
                <line number="45" hits="72" branch="False" />
                <line number="46" hits="72" branch="False" />
                <line number="47" hits="72" branch="False" />
                <line number="48" hits="72" branch="False" />
                <line number="49" hits="72" branch="False" />
              </lines>
            </method>
            <method name="PrintChoseCard" signature="(Servidor.Player)" line-rate="1" branch-rate="1" complexity="1">
              <lines>
                <line number="50" hits="72" branch="False" />
                <line number="51" hits="72" branch="False" />
                <line number="52" hits="72" branch="False" />
                <line number="53" hits="72" branch="False" />
                <line number="54" hits="72" branch="False" />
                <line number="55" hits="72" branch="False" />
                <line number="56" hits="72" branch="False" />
              </lines>
            </method>
            <method name="PrintChoseValidSubset" signature="(System.Collections.Generic.List`1&lt;System.Collections.Generic.List`1&lt;Servidor.Card&gt;&gt;)" line-rate="1" branch-rate="1" complexity="1">
              <lines>
                <line number="57" hits="3" branch="False" />
                <line number="58" hits="3" branch="False" />
                <line number="59" hits="3" branch="False" />
                <line number="60" hits="3" branch="False" />
                <line number="61" hits="3" branch="False" />
                <line number="62" hits="3" branch="False" />
                <line number="63" hits="3" branch="False" />
                <line number="64" hits="3" branch="False" />
                <line number="65" hits="3" branch="False" />
              </lines>
            </method>
            <method name="PrintValidSubsets" signature="(System.Collections.Generic.List`1&lt;System.Collections.Generic.List`1&lt;Servidor.Card&gt;&gt;)" line-rate="1" branch-rate="1" complexity="2">
              <lines>
                <line number="66" hits="3" branch="False" />
                <line number="67" hits="27" branch="True" condition-coverage="100% (2/2)">
                  <conditions>
                    <condition number="86" type="jump" coverage="100%" />
                  </conditions>
                </line>
                <line number="68" hits="7" branch="False" />
                <line number="69" hits="7" branch="False" />
                <line number="70" hits="3" branch="False" />
              </lines>
            </method>
            <method name="ReadInput" signature="(System.Int32)" line-rate="0.8" branch-rate="0.5" complexity="2">
              <lines>
                <line number="71" hits="75" branch="False" />
                <line number="72" hits="150" branch="True" condition-coverage="50% (1/2)">
                  <conditions>
                    <condition number="9" type="jump" coverage="50%" />
                  </conditions>
                </line>
                <line number="73" hits="75" branch="False" />
                <line number="75" hits="0" branch="False" />
                <line number="76" hits="75" branch="False" />
              </lines>
            </method>
            <method name="PrintCardsClaimed" signature="(Servidor.Point,System.Collections.Generic.List`1&lt;Servidor.Card&gt;)" line-rate="1" branch-rate="1" complexity="2">
              <lines>
                <line number="78" hits="29" branch="False" />
                <line number="79" hits="36" branch="True" condition-coverage="100% (2/2)">
                  <conditions>
                    <condition number="10" type="jump" coverage="100%" />
                  </conditions>
                </line>
                <line number="80" hits="7" branch="False" />
                <line number="81" hits="7" branch="False" />
                <line number="82" hits="29" branch="False" />
                <line number="83" hits="29" branch="False" />
              </lines>
            </method>
            <method name="PrintGameStart" signature="(Servidor.Player)" line-rate="1" branch-rate="1" complexity="1">
              <lines>
                <line number="85" hits="1" branch="False" />
                <line number="86" hits="1" branch="False" />
                <line number="87" hits="1" branch="False" />
                <line number="88" hits="1" branch="False" />
                <line number="89" hits="1" branch="False" />
              </lines>
            </method>
            <method name="PrintGameResults" signature="(Servidor.GameOutcome)" line-rate="0.8" branch-rate="0.5" complexity="4">
              <lines>
                <line number="90" hits="1" branch="False" />
                <line number="91" hits="1" branch="True" condition-coverage="50% (1/2)">
                  <conditions>
                    <condition number="7" type="jump" coverage="50%" />
                  </conditions>
                </line>
                <line number="92" hits="0" branch="False" />
                <line number="93" hits="1" branch="True" condition-coverage="50% (1/2)">
                  <conditions>
                    <condition number="30" type="jump" coverage="50%" />
                  </conditions>
                </line>
                <line number="94" hits="0" branch="False" />
                <line number="95" hits="1" branch="False" />
                <line number="96" hits="1" branch="False" />
                <line number="97" hits="1" branch="False" />
                <line number="98" hits="1" branch="False" />
                <line number="99" hits="1" branch="False" />
              </lines>
            </method>
            <method name="PrintSevenOfGoldPoint" signature="(Servidor.Player)" line-rate="1" branch-rate="1" complexity="1">
              <lines>
                <line number="101" hits="4" branch="False" />
                <line number="102" hits="4" branch="False" />
                <line number="103" hits="4" branch="False" />
              </lines>
            </method>
            <method name="PrintMostSevensPoint" signature="(Servidor.Player)" line-rate="1" branch-rate="1" complexity="1">
              <lines>
                <line number="104" hits="4" branch="False" />
                <line number="105" hits="4" branch="False" />
                <line number="106" hits="4" branch="False" />
              </lines>
            </method>
            <method name="PrintMostCardsPoint" signature="(Servidor.Player)" line-rate="1" branch-rate="1" complexity="1">
              <lines>
                <line number="107" hits="4" branch="False" />
                <line number="108" hits="4" branch="False" />
                <line number="109" hits="4" branch="False" />
              </lines>
            </method>
            <method name="PrintMostGoldPoint" signature="(Servidor.Player)" line-rate="1" branch-rate="1" complexity="1">
              <lines>
                <line number="110" hits="4" branch="False" />
                <line number="111" hits="4" branch="False" />
                <line number="112" hits="4" branch="False" />
              </lines>
            </method>
            <method name="PrintEscoba" signature="()" line-rate="1" branch-rate="1" complexity="1">
              <lines>
                <line number="114" hits="7" branch="False" />
                <line number="115" hits="7" branch="False" />
                <line number="116" hits="7" branch="False" />
              </lines>
            </method>
            <method name="PrintNoCardsClaimed" signature="()" line-rate="1" branch-rate="1" complexity="1">
              <lines>
                <line number="117" hits="46" branch="False" />
                <line number="118" hits="46" branch="False" />
                <line number="119" hits="46" branch="False" />
              </lines>
            </method>
            <method name="PrintEscobasClaimedAtDeal" signature="()" line-rate="0" branch-rate="1" complexity="1">
              <lines>
                <line number="120" hits="0" branch="False" />
                <line number="121" hits="0" branch="False" />
                <line number="122" hits="0" branch="False" />
              </lines>
            </method>
            <method name="PrintSeparator" signature="()" line-rate="1" branch-rate="1" complexity="1">
              <lines>
                <line number="124" hits="83" branch="False" />
                <line number="125" hits="83" branch="False" />
                <line number="126" hits="83" branch="False" />
              </lines>
            </method>
            <method name="PrintSeparatorWithLineBreak" signature="()" line-rate="1" branch-rate="1" complexity="1">
              <lines>
                <line number="127" hits="77" branch="False" />
                <line number="128" hits="77" branch="False" />
                <line number="129" hits="77" branch="False" />
              </lines>
            </method>
            <method name="PrintInputError" signature="()" line-rate="0" branch-rate="1" complexity="1">
              <lines>
                <line number="131" hits="0" branch="False" />
                <line number="132" hits="0" branch="False" />
                <line number="133" hits="0" branch="False" />
              </lines>
            </method>
            <method name=".ctor" signature="()" line-rate="1" branch-rate="1" complexity="1">
              <lines>
                <line number="7" hits="2" branch="False" />
                <line number="8" hits="1" branch="False" />
                <line number="9" hits="1" branch="False" />
                <line number="10" hits="1" branch="False" />
              </lines>
            </method>
          </methods>
          <lines>
            <line number="12" hits="2" branch="False" />
            <line number="13" hits="2" branch="False" />
            <line number="14" hits="2" branch="False" />
            <line number="15" hits="2" branch="False" />
            <line number="16" hits="2" branch="False" />
            <line number="17" hits="2" branch="False" />
            <line number="18" hits="2" branch="False" />
            <line number="19" hits="2" branch="False" />
            <line number="20" hits="2" branch="False" />
            <line number="21" hits="2" branch="False" />
            <line number="22" hits="2" branch="False" />
            <line number="23" hits="2" branch="False" />
            <line number="24" hits="2" branch="False" />
            <line number="25" hits="2" branch="False" />
            <line number="26" hits="2" branch="False" />
            <line number="27" hits="2" branch="False" />
            <line number="28" hits="2" branch="False" />
            <line number="29" hits="2" branch="False" />
            <line number="30" hits="16" branch="True" condition-coverage="100% (2/2)">
              <conditions>
                <condition number="110" type="jump" coverage="100%" />
              </conditions>
            </line>
            <line number="31" hits="4" branch="False" />
            <line number="32" hits="4" branch="False" />
            <line number="33" hits="2" branch="False" />
            <line number="34" hits="2" branch="False" />
            <line number="35" hits="2" branch="False" />
            <line number="36" hits="2" branch="False" />
            <line number="37" hits="16" branch="True" condition-coverage="100% (2/2)">
              <conditions>
                <condition number="110" type="jump" coverage="100%" />
              </conditions>
            </line>
            <line number="38" hits="4" branch="False" />
            <line number="39" hits="4" branch="False" />
            <line number="40" hits="2" branch="False" />
            <line number="42" hits="72" branch="False" />
            <line number="43" hits="72" branch="False" />
            <line number="44" hits="72" branch="False" />
            <line number="45" hits="72" branch="False" />
            <line number="46" hits="72" branch="False" />
            <line number="47" hits="72" branch="False" />
            <line number="48" hits="72" branch="False" />
            <line number="49" hits="72" branch="False" />
            <line number="50" hits="72" branch="False" />
            <line number="51" hits="72" branch="False" />
            <line number="52" hits="72" branch="False" />
            <line number="53" hits="72" branch="False" />
            <line number="54" hits="72" branch="False" />
            <line number="55" hits="72" branch="False" />
            <line number="56" hits="72" branch="False" />
            <line number="57" hits="3" branch="False" />
            <line number="58" hits="3" branch="False" />
            <line number="59" hits="3" branch="False" />
            <line number="60" hits="3" branch="False" />
            <line number="61" hits="3" branch="False" />
            <line number="62" hits="3" branch="False" />
            <line number="63" hits="3" branch="False" />
            <line number="64" hits="3" branch="False" />
            <line number="65" hits="3" branch="False" />
            <line number="66" hits="3" branch="False" />
            <line number="67" hits="27" branch="True" condition-coverage="100% (2/2)">
              <conditions>
                <condition number="86" type="jump" coverage="100%" />
              </conditions>
            </line>
            <line number="68" hits="7" branch="False" />
            <line number="69" hits="7" branch="False" />
            <line number="70" hits="3" branch="False" />
            <line number="71" hits="75" branch="False" />
            <line number="72" hits="150" branch="True" condition-coverage="50% (1/2)">
              <conditions>
                <condition number="9" type="jump" coverage="50%" />
              </conditions>
            </line>
            <line number="73" hits="75" branch="False" />
            <line number="75" hits="0" branch="False" />
            <line number="76" hits="75" branch="False" />
            <line number="78" hits="29" branch="False" />
            <line number="79" hits="36" branch="True" condition-coverage="100% (2/2)">
              <conditions>
                <condition number="10" type="jump" coverage="100%" />
              </conditions>
            </line>
            <line number="80" hits="7" branch="False" />
            <line number="81" hits="7" branch="False" />
            <line number="82" hits="29" branch="False" />
            <line number="83" hits="29" branch="False" />
            <line number="85" hits="1" branch="False" />
            <line number="86" hits="1" branch="False" />
            <line number="87" hits="1" branch="False" />
            <line number="88" hits="1" branch="False" />
            <line number="89" hits="1" branch="False" />
            <line number="90" hits="1" branch="False" />
            <line number="91" hits="1" branch="True" condition-coverage="50% (1/2)">
              <conditions>
                <condition number="7" type="jump" coverage="50%" />
              </conditions>
            </line>
            <line number="92" hits="0" branch="False" />
            <line number="93" hits="1" branch="True" condition-coverage="50% (1/2)">
              <conditions>
                <condition number="30" type="jump" coverage="50%" />
              </conditions>
            </line>
            <line number="94" hits="0" branch="False" />
            <line number="95" hits="1" branch="False" />
            <line number="96" hits="1" branch="False" />
            <line number="97" hits="1" branch="False" />
            <line number="98" hits="1" branch="False" />
            <line number="99" hits="1" branch="False" />
            <line number="101" hits="4" branch="False" />
            <line number="102" hits="4" branch="False" />
            <line number="103" hits="4" branch="False" />
            <line number="104" hits="4" branch="False" />
            <line number="105" hits="4" branch="False" />
            <line number="106" hits="4" branch="False" />
            <line number="107" hits="4" branch="False" />
            <line number="108" hits="4" branch="False" />
            <line number="109" hits="4" branch="False" />
            <line number="110" hits="4" branch="False" />
            <line number="111" hits="4" branch="False" />
            <line number="112" hits="4" branch="False" />
            <line number="114" hits="7" branch="False" />
            <line number="115" hits="7" branch="False" />
            <line number="116" hits="7" branch="False" />
            <line number="117" hits="46" branch="False" />
            <line number="118" hits="46" branch="False" />
            <line number="119" hits="46" branch="False" />
            <line number="120" hits="0" branch="False" />
            <line number="121" hits="0" branch="False" />
            <line number="122" hits="0" branch="False" />
            <line number="124" hits="83" branch="False" />
            <line number="125" hits="83" branch="False" />
            <line number="126" hits="83" branch="False" />
            <line number="127" hits="77" branch="False" />
            <line number="128" hits="77" branch="False" />
            <line number="129" hits="77" branch="False" />
            <line number="131" hits="0" branch="False" />
            <line number="132" hits="0" branch="False" />
            <line number="133" hits="0" branch="False" />
            <line number="7" hits="2" branch="False" />
            <line number="8" hits="1" branch="False" />
            <line number="9" hits="1" branch="False" />
            <line number="10" hits="1" branch="False" />
          </lines>
        </class>
      </classes>
    </package>
  </packages>
</coverage>